::1 - - [24/Oct/2021:05:20:40 +0000] "GET / HTTP/1.1" 304 - "-" "Mozilla/5.0 (Windows NT 10.0; Win64; x64) AppleWebKit/537.36 (KHTML, like Gecko) Chrome/94.0.4606.81 Safari/537.36"
::1 - - [24/Oct/2021:05:20:40 +0000] "GET /stylesheets/style.css HTTP/1.1" 304 - "http://localhost:5000/" "Mozilla/5.0 (Windows NT 10.0; Win64; x64) AppleWebKit/537.36 (KHTML, like Gecko) Chrome/94.0.4606.81 Safari/537.36"
::1 - - [24/Oct/2021:05:20:40 +0000] "GET /assets/vendor/bootstrap/css/bootstrap.min.css HTTP/1.1" 304 - "http://localhost:5000/" "Mozilla/5.0 (Windows NT 10.0; Win64; x64) AppleWebKit/537.36 (KHTML, like Gecko) Chrome/94.0.4606.81 Safari/537.36"
::1 - - [24/Oct/2021:05:20:40 +0000] "GET /assets/vendor/jquery/jquery.min.js HTTP/1.1" 304 - "http://localhost:5000/" "Mozilla/5.0 (Windows NT 10.0; Win64; x64) AppleWebKit/537.36 (KHTML, like Gecko) Chrome/94.0.4606.81 Safari/537.36"
::1 - - [24/Oct/2021:05:20:40 +0000] "GET /assets/vendor/@popperjs/popper.js HTTP/1.1" 304 - "http://localhost:5000/" "Mozilla/5.0 (Windows NT 10.0; Win64; x64) AppleWebKit/537.36 (KHTML, like Gecko) Chrome/94.0.4606.81 Safari/537.36"
::1 - - [24/Oct/2021:05:20:40 +0000] "GET /assets/vendor/feather-icons/feather.js HTTP/1.1" 304 - "http://localhost:5000/" "Mozilla/5.0 (Windows NT 10.0; Win64; x64) AppleWebKit/537.36 (KHTML, like Gecko) Chrome/94.0.4606.81 Safari/537.36"
::1 - - [24/Oct/2021:05:20:40 +0000] "GET /assets/vendor/bootstrap/js/bootstrap.min.js HTTP/1.1" 304 - "http://localhost:5000/" "Mozilla/5.0 (Windows NT 10.0; Win64; x64) AppleWebKit/537.36 (KHTML, like Gecko) Chrome/94.0.4606.81 Safari/537.36"
::1 - - [24/Oct/2021:05:20:40 +0000] "GET /favicon.ico HTTP/1.1" 404 3425 "http://localhost:5000/" "Mozilla/5.0 (Windows NT 10.0; Win64; x64) AppleWebKit/537.36 (KHTML, like Gecko) Chrome/94.0.4606.81 Safari/537.36"
::1 - - [24/Oct/2021:05:20:42 +0000] "GET /notes/view?key=as HTTP/1.1" 304 - "http://localhost:5000/" "Mozilla/5.0 (Windows NT 10.0; Win64; x64) AppleWebKit/537.36 (KHTML, like Gecko) Chrome/94.0.4606.81 Safari/537.36"
::1 - - [24/Oct/2021:05:20:42 +0000] "GET /stylesheets/style.css HTTP/1.1" 304 - "http://localhost:5000/notes/view?key=as" "Mozilla/5.0 (Windows NT 10.0; Win64; x64) AppleWebKit/537.36 (KHTML, like Gecko) Chrome/94.0.4606.81 Safari/537.36"
::1 - - [24/Oct/2021:05:20:42 +0000] "GET /assets/vendor/bootstrap/css/bootstrap.min.css HTTP/1.1" 304 - "http://localhost:5000/notes/view?key=as" "Mozilla/5.0 (Windows NT 10.0; Win64; x64) AppleWebKit/537.36 (KHTML, like Gecko) Chrome/94.0.4606.81 Safari/537.36"
::1 - - [24/Oct/2021:05:20:42 +0000] "GET /assets/vendor/jquery/jquery.min.js HTTP/1.1" 304 - "http://localhost:5000/notes/view?key=as" "Mozilla/5.0 (Windows NT 10.0; Win64; x64) AppleWebKit/537.36 (KHTML, like Gecko) Chrome/94.0.4606.81 Safari/537.36"
::1 - - [24/Oct/2021:05:20:42 +0000] "GET /assets/vendor/@popperjs/popper.js HTTP/1.1" 304 - "http://localhost:5000/notes/view?key=as" "Mozilla/5.0 (Windows NT 10.0; Win64; x64) AppleWebKit/537.36 (KHTML, like Gecko) Chrome/94.0.4606.81 Safari/537.36"
::1 - - [24/Oct/2021:05:20:42 +0000] "GET /assets/vendor/bootstrap/js/bootstrap.min.js HTTP/1.1" 304 - "http://localhost:5000/notes/view?key=as" "Mozilla/5.0 (Windows NT 10.0; Win64; x64) AppleWebKit/537.36 (KHTML, like Gecko) Chrome/94.0.4606.81 Safari/537.36"
::1 - - [24/Oct/2021:05:20:42 +0000] "GET /assets/vendor/feather-icons/feather.js HTTP/1.1" 304 - "http://localhost:5000/notes/view?key=as" "Mozilla/5.0 (Windows NT 10.0; Win64; x64) AppleWebKit/537.36 (KHTML, like Gecko) Chrome/94.0.4606.81 Safari/537.36"
::1 - - [24/Oct/2021:05:20:43 +0000] "GET / HTTP/1.1" 304 - "http://localhost:5000/notes/view?key=as" "Mozilla/5.0 (Windows NT 10.0; Win64; x64) AppleWebKit/537.36 (KHTML, like Gecko) Chrome/94.0.4606.81 Safari/537.36"
::1 - - [24/Oct/2021:05:20:43 +0000] "GET /stylesheets/style.css HTTP/1.1" 304 - "http://localhost:5000/" "Mozilla/5.0 (Windows NT 10.0; Win64; x64) AppleWebKit/537.36 (KHTML, like Gecko) Chrome/94.0.4606.81 Safari/537.36"
::1 - - [24/Oct/2021:05:20:43 +0000] "GET /assets/vendor/bootstrap/css/bootstrap.min.css HTTP/1.1" 304 - "http://localhost:5000/" "Mozilla/5.0 (Windows NT 10.0; Win64; x64) AppleWebKit/537.36 (KHTML, like Gecko) Chrome/94.0.4606.81 Safari/537.36"
::1 - - [24/Oct/2021:05:20:43 +0000] "GET /assets/vendor/jquery/jquery.min.js HTTP/1.1" 304 - "http://localhost:5000/" "Mozilla/5.0 (Windows NT 10.0; Win64; x64) AppleWebKit/537.36 (KHTML, like Gecko) Chrome/94.0.4606.81 Safari/537.36"
::1 - - [24/Oct/2021:05:20:43 +0000] "GET /assets/vendor/@popperjs/popper.js HTTP/1.1" 304 - "http://localhost:5000/" "Mozilla/5.0 (Windows NT 10.0; Win64; x64) AppleWebKit/537.36 (KHTML, like Gecko) Chrome/94.0.4606.81 Safari/537.36"
::1 - - [24/Oct/2021:05:20:43 +0000] "GET /assets/vendor/bootstrap/js/bootstrap.min.js HTTP/1.1" 304 - "http://localhost:5000/" "Mozilla/5.0 (Windows NT 10.0; Win64; x64) AppleWebKit/537.36 (KHTML, like Gecko) Chrome/94.0.4606.81 Safari/537.36"
::1 - - [24/Oct/2021:05:20:43 +0000] "GET /assets/vendor/feather-icons/feather.js HTTP/1.1" 304 - "http://localhost:5000/" "Mozilla/5.0 (Windows NT 10.0; Win64; x64) AppleWebKit/537.36 (KHTML, like Gecko) Chrome/94.0.4606.81 Safari/537.36"
::1 - - [24/Oct/2021:07:28:52 +0000] "GET /notes/view?key=as HTTP/1.1" 304 - "http://localhost:5000/" "Mozilla/5.0 (Windows NT 10.0; Win64; x64) AppleWebKit/537.36 (KHTML, like Gecko) Chrome/94.0.4606.81 Safari/537.36"
::1 - - [24/Oct/2021:07:28:52 +0000] "GET /assets/vendor/bootstrap/css/bootstrap.min.css HTTP/1.1" 304 - "http://localhost:5000/notes/view?key=as" "Mozilla/5.0 (Windows NT 10.0; Win64; x64) AppleWebKit/537.36 (KHTML, like Gecko) Chrome/94.0.4606.81 Safari/537.36"
::1 - - [24/Oct/2021:07:28:52 +0000] "GET /stylesheets/style.css HTTP/1.1" 304 - "http://localhost:5000/notes/view?key=as" "Mozilla/5.0 (Windows NT 10.0; Win64; x64) AppleWebKit/537.36 (KHTML, like Gecko) Chrome/94.0.4606.81 Safari/537.36"
::1 - - [24/Oct/2021:07:28:52 +0000] "GET /assets/vendor/jquery/jquery.min.js HTTP/1.1" 304 - "http://localhost:5000/notes/view?key=as" "Mozilla/5.0 (Windows NT 10.0; Win64; x64) AppleWebKit/537.36 (KHTML, like Gecko) Chrome/94.0.4606.81 Safari/537.36"
::1 - - [24/Oct/2021:07:28:52 +0000] "GET /assets/vendor/@popperjs/popper.js HTTP/1.1" 304 - "http://localhost:5000/notes/view?key=as" "Mozilla/5.0 (Windows NT 10.0; Win64; x64) AppleWebKit/537.36 (KHTML, like Gecko) Chrome/94.0.4606.81 Safari/537.36"
::1 - - [24/Oct/2021:07:28:52 +0000] "GET /assets/vendor/bootstrap/js/bootstrap.min.js HTTP/1.1" 304 - "http://localhost:5000/notes/view?key=as" "Mozilla/5.0 (Windows NT 10.0; Win64; x64) AppleWebKit/537.36 (KHTML, like Gecko) Chrome/94.0.4606.81 Safari/537.36"
::1 - - [24/Oct/2021:07:28:52 +0000] "GET /assets/vendor/feather-icons/feather.js HTTP/1.1" 304 - "http://localhost:5000/notes/view?key=as" "Mozilla/5.0 (Windows NT 10.0; Win64; x64) AppleWebKit/537.36 (KHTML, like Gecko) Chrome/94.0.4606.81 Safari/537.36"
::1 - - [24/Oct/2021:07:28:53 +0000] "GET / HTTP/1.1" 304 - "http://localhost:5000/notes/view?key=as" "Mozilla/5.0 (Windows NT 10.0; Win64; x64) AppleWebKit/537.36 (KHTML, like Gecko) Chrome/94.0.4606.81 Safari/537.36"
::1 - - [24/Oct/2021:07:28:53 +0000] "GET /stylesheets/style.css HTTP/1.1" 304 - "http://localhost:5000/" "Mozilla/5.0 (Windows NT 10.0; Win64; x64) AppleWebKit/537.36 (KHTML, like Gecko) Chrome/94.0.4606.81 Safari/537.36"
::1 - - [24/Oct/2021:07:28:53 +0000] "GET /assets/vendor/bootstrap/css/bootstrap.min.css HTTP/1.1" 304 - "http://localhost:5000/" "Mozilla/5.0 (Windows NT 10.0; Win64; x64) AppleWebKit/537.36 (KHTML, like Gecko) Chrome/94.0.4606.81 Safari/537.36"
::1 - - [24/Oct/2021:07:28:53 +0000] "GET /assets/vendor/jquery/jquery.min.js HTTP/1.1" 304 - "http://localhost:5000/" "Mozilla/5.0 (Windows NT 10.0; Win64; x64) AppleWebKit/537.36 (KHTML, like Gecko) Chrome/94.0.4606.81 Safari/537.36"
::1 - - [24/Oct/2021:07:28:53 +0000] "GET /assets/vendor/@popperjs/popper.js HTTP/1.1" 304 - "http://localhost:5000/" "Mozilla/5.0 (Windows NT 10.0; Win64; x64) AppleWebKit/537.36 (KHTML, like Gecko) Chrome/94.0.4606.81 Safari/537.36"
::1 - - [24/Oct/2021:07:28:53 +0000] "GET /assets/vendor/bootstrap/js/bootstrap.min.js HTTP/1.1" 304 - "http://localhost:5000/" "Mozilla/5.0 (Windows NT 10.0; Win64; x64) AppleWebKit/537.36 (KHTML, like Gecko) Chrome/94.0.4606.81 Safari/537.36"
::1 - - [24/Oct/2021:07:28:53 +0000] "GET /assets/vendor/feather-icons/feather.js HTTP/1.1" 304 - "http://localhost:5000/" "Mozilla/5.0 (Windows NT 10.0; Win64; x64) AppleWebKit/537.36 (KHTML, like Gecko) Chrome/94.0.4606.81 Safari/537.36"
::1 - - [24/Oct/2021:14:14:34 +0000] "GET / HTTP/1.1" - - "http://localhost:5000/notes/add" "Mozilla/5.0 (Windows NT 10.0; Win64; x64) AppleWebKit/537.36 (KHTML, like Gecko) Chrome/94.0.4606.81 Safari/537.36"
::1 - - [24/Oct/2021:14:14:34 +0000] "GET / HTTP/1.1" 200 2544 "http://localhost:5000/notes/add" "Mozilla/5.0 (Windows NT 10.0; Win64; x64) AppleWebKit/537.36 (KHTML, like Gecko) Chrome/94.0.4606.81 Safari/537.36"
::1 - - [24/Oct/2021:14:14:34 +0000] "GET /assets/vendor/bootstrap/css/bootstrap.min.css HTTP/1.1" 304 - "http://localhost:5000/" "Mozilla/5.0 (Windows NT 10.0; Win64; x64) AppleWebKit/537.36 (KHTML, like Gecko) Chrome/94.0.4606.81 Safari/537.36"
::1 - - [24/Oct/2021:14:14:34 +0000] "GET /stylesheets/style.css HTTP/1.1" 304 - "http://localhost:5000/" "Mozilla/5.0 (Windows NT 10.0; Win64; x64) AppleWebKit/537.36 (KHTML, like Gecko) Chrome/94.0.4606.81 Safari/537.36"
::1 - - [24/Oct/2021:14:14:34 +0000] "GET /assets/vendor/@popperjs/popper.js HTTP/1.1" 304 - "http://localhost:5000/" "Mozilla/5.0 (Windows NT 10.0; Win64; x64) AppleWebKit/537.36 (KHTML, like Gecko) Chrome/94.0.4606.81 Safari/537.36"
::1 - - [24/Oct/2021:14:14:34 +0000] "GET /assets/vendor/jquery/jquery.min.js HTTP/1.1" 304 - "http://localhost:5000/" "Mozilla/5.0 (Windows NT 10.0; Win64; x64) AppleWebKit/537.36 (KHTML, like Gecko) Chrome/94.0.4606.81 Safari/537.36"
::1 - - [24/Oct/2021:14:14:34 +0000] "GET /assets/vendor/bootstrap/js/bootstrap.min.js HTTP/1.1" 304 - "http://localhost:5000/" "Mozilla/5.0 (Windows NT 10.0; Win64; x64) AppleWebKit/537.36 (KHTML, like Gecko) Chrome/94.0.4606.81 Safari/537.36"
::1 - - [24/Oct/2021:14:14:34 +0000] "GET /assets/vendor/feather-icons/feather.js HTTP/1.1" 304 - "http://localhost:5000/" "Mozilla/5.0 (Windows NT 10.0; Win64; x64) AppleWebKit/537.36 (KHTML, like Gecko) Chrome/94.0.4606.81 Safari/537.36"
::1 - - [24/Oct/2021:14:14:35 +0000] "GET / HTTP/1.1" 304 - "http://localhost:5000/" "Mozilla/5.0 (Windows NT 10.0; Win64; x64) AppleWebKit/537.36 (KHTML, like Gecko) Chrome/94.0.4606.81 Safari/537.36"
::1 - - [24/Oct/2021:14:14:35 +0000] "GET /stylesheets/style.css HTTP/1.1" 304 - "http://localhost:5000/" "Mozilla/5.0 (Windows NT 10.0; Win64; x64) AppleWebKit/537.36 (KHTML, like Gecko) Chrome/94.0.4606.81 Safari/537.36"
::1 - - [24/Oct/2021:14:14:35 +0000] "GET /assets/vendor/bootstrap/css/bootstrap.min.css HTTP/1.1" 304 - "http://localhost:5000/" "Mozilla/5.0 (Windows NT 10.0; Win64; x64) AppleWebKit/537.36 (KHTML, like Gecko) Chrome/94.0.4606.81 Safari/537.36"
::1 - - [24/Oct/2021:14:14:35 +0000] "GET /assets/vendor/jquery/jquery.min.js HTTP/1.1" 304 - "http://localhost:5000/" "Mozilla/5.0 (Windows NT 10.0; Win64; x64) AppleWebKit/537.36 (KHTML, like Gecko) Chrome/94.0.4606.81 Safari/537.36"
::1 - - [24/Oct/2021:14:14:35 +0000] "GET /assets/vendor/@popperjs/popper.js HTTP/1.1" 304 - "http://localhost:5000/" "Mozilla/5.0 (Windows NT 10.0; Win64; x64) AppleWebKit/537.36 (KHTML, like Gecko) Chrome/94.0.4606.81 Safari/537.36"
::1 - - [24/Oct/2021:14:14:35 +0000] "GET /assets/vendor/feather-icons/feather.js HTTP/1.1" 304 - "http://localhost:5000/" "Mozilla/5.0 (Windows NT 10.0; Win64; x64) AppleWebKit/537.36 (KHTML, like Gecko) Chrome/94.0.4606.81 Safari/537.36"
::1 - - [24/Oct/2021:14:14:35 +0000] "GET /assets/vendor/bootstrap/js/bootstrap.min.js HTTP/1.1" 304 - "http://localhost:5000/" "Mozilla/5.0 (Windows NT 10.0; Win64; x64) AppleWebKit/537.36 (KHTML, like Gecko) Chrome/94.0.4606.81 Safari/537.36"
::1 - - [24/Oct/2021:14:14:36 +0000] "GET /notes/view?key=as HTTP/1.1" 304 - "http://localhost:5000/" "Mozilla/5.0 (Windows NT 10.0; Win64; x64) AppleWebKit/537.36 (KHTML, like Gecko) Chrome/94.0.4606.81 Safari/537.36"
::1 - - [24/Oct/2021:14:14:36 +0000] "GET /assets/vendor/bootstrap/css/bootstrap.min.css HTTP/1.1" 304 - "http://localhost:5000/notes/view?key=as" "Mozilla/5.0 (Windows NT 10.0; Win64; x64) AppleWebKit/537.36 (KHTML, like Gecko) Chrome/94.0.4606.81 Safari/537.36"
::1 - - [24/Oct/2021:14:14:36 +0000] "GET /stylesheets/style.css HTTP/1.1" 304 - "http://localhost:5000/notes/view?key=as" "Mozilla/5.0 (Windows NT 10.0; Win64; x64) AppleWebKit/537.36 (KHTML, like Gecko) Chrome/94.0.4606.81 Safari/537.36"
::1 - - [24/Oct/2021:14:14:36 +0000] "GET /assets/vendor/jquery/jquery.min.js HTTP/1.1" 304 - "http://localhost:5000/notes/view?key=as" "Mozilla/5.0 (Windows NT 10.0; Win64; x64) AppleWebKit/537.36 (KHTML, like Gecko) Chrome/94.0.4606.81 Safari/537.36"
::1 - - [24/Oct/2021:14:14:36 +0000] "GET /assets/vendor/@popperjs/popper.js HTTP/1.1" 304 - "http://localhost:5000/notes/view?key=as" "Mozilla/5.0 (Windows NT 10.0; Win64; x64) AppleWebKit/537.36 (KHTML, like Gecko) Chrome/94.0.4606.81 Safari/537.36"
::1 - - [24/Oct/2021:14:14:36 +0000] "GET /assets/vendor/bootstrap/js/bootstrap.min.js HTTP/1.1" 304 - "http://localhost:5000/notes/view?key=as" "Mozilla/5.0 (Windows NT 10.0; Win64; x64) AppleWebKit/537.36 (KHTML, like Gecko) Chrome/94.0.4606.81 Safari/537.36"
::1 - - [24/Oct/2021:14:14:36 +0000] "GET /assets/vendor/feather-icons/feather.js HTTP/1.1" 304 - "http://localhost:5000/notes/view?key=as" "Mozilla/5.0 (Windows NT 10.0; Win64; x64) AppleWebKit/537.36 (KHTML, like Gecko) Chrome/94.0.4606.81 Safari/537.36"
::1 - - [24/Oct/2021:14:14:37 +0000] "POST /notes/remove/confirm HTTP/1.1" 302 46 "http://localhost:5000/notes/view?key=as" "Mozilla/5.0 (Windows NT 10.0; Win64; x64) AppleWebKit/537.36 (KHTML, like Gecko) Chrome/94.0.4606.81 Safari/537.36"
::1 - - [24/Oct/2021:14:14:37 +0000] "GET / HTTP/1.1" 200 2070 "http://localhost:5000/notes/view?key=as" "Mozilla/5.0 (Windows NT 10.0; Win64; x64) AppleWebKit/537.36 (KHTML, like Gecko) Chrome/94.0.4606.81 Safari/537.36"
::1 - - [24/Oct/2021:14:14:37 +0000] "GET /assets/vendor/bootstrap/css/bootstrap.min.css HTTP/1.1" 304 - "http://localhost:5000/" "Mozilla/5.0 (Windows NT 10.0; Win64; x64) AppleWebKit/537.36 (KHTML, like Gecko) Chrome/94.0.4606.81 Safari/537.36"
::1 - - [24/Oct/2021:14:14:37 +0000] "GET /stylesheets/style.css HTTP/1.1" 304 - "http://localhost:5000/" "Mozilla/5.0 (Windows NT 10.0; Win64; x64) AppleWebKit/537.36 (KHTML, like Gecko) Chrome/94.0.4606.81 Safari/537.36"
::1 - - [24/Oct/2021:14:14:37 +0000] "GET /assets/vendor/jquery/jquery.min.js HTTP/1.1" 304 - "http://localhost:5000/" "Mozilla/5.0 (Windows NT 10.0; Win64; x64) AppleWebKit/537.36 (KHTML, like Gecko) Chrome/94.0.4606.81 Safari/537.36"
::1 - - [24/Oct/2021:14:14:37 +0000] "GET /assets/vendor/@popperjs/popper.js HTTP/1.1" 304 - "http://localhost:5000/" "Mozilla/5.0 (Windows NT 10.0; Win64; x64) AppleWebKit/537.36 (KHTML, like Gecko) Chrome/94.0.4606.81 Safari/537.36"
::1 - - [24/Oct/2021:14:14:37 +0000] "GET /assets/vendor/bootstrap/js/bootstrap.min.js HTTP/1.1" 304 - "http://localhost:5000/" "Mozilla/5.0 (Windows NT 10.0; Win64; x64) AppleWebKit/537.36 (KHTML, like Gecko) Chrome/94.0.4606.81 Safari/537.36"
::1 - - [24/Oct/2021:14:14:37 +0000] "GET /assets/vendor/feather-icons/feather.js HTTP/1.1" 304 - "http://localhost:5000/" "Mozilla/5.0 (Windows NT 10.0; Win64; x64) AppleWebKit/537.36 (KHTML, like Gecko) Chrome/94.0.4606.81 Safari/537.36"
::1 - - [24/Oct/2021:14:14:38 +0000] "GET / HTTP/1.1" 304 - "http://localhost:5000/" "Mozilla/5.0 (Windows NT 10.0; Win64; x64) AppleWebKit/537.36 (KHTML, like Gecko) Chrome/94.0.4606.81 Safari/537.36"
::1 - - [24/Oct/2021:14:14:38 +0000] "GET /stylesheets/style.css HTTP/1.1" 304 - "http://localhost:5000/" "Mozilla/5.0 (Windows NT 10.0; Win64; x64) AppleWebKit/537.36 (KHTML, like Gecko) Chrome/94.0.4606.81 Safari/537.36"
::1 - - [24/Oct/2021:14:14:38 +0000] "GET /assets/vendor/bootstrap/css/bootstrap.min.css HTTP/1.1" 304 - "http://localhost:5000/" "Mozilla/5.0 (Windows NT 10.0; Win64; x64) AppleWebKit/537.36 (KHTML, like Gecko) Chrome/94.0.4606.81 Safari/537.36"
::1 - - [24/Oct/2021:14:14:38 +0000] "GET /assets/vendor/jquery/jquery.min.js HTTP/1.1" 304 - "http://localhost:5000/" "Mozilla/5.0 (Windows NT 10.0; Win64; x64) AppleWebKit/537.36 (KHTML, like Gecko) Chrome/94.0.4606.81 Safari/537.36"
::1 - - [24/Oct/2021:14:14:38 +0000] "GET /assets/vendor/@popperjs/popper.js HTTP/1.1" 304 - "http://localhost:5000/" "Mozilla/5.0 (Windows NT 10.0; Win64; x64) AppleWebKit/537.36 (KHTML, like Gecko) Chrome/94.0.4606.81 Safari/537.36"
::1 - - [24/Oct/2021:14:14:38 +0000] "GET /assets/vendor/bootstrap/js/bootstrap.min.js HTTP/1.1" 304 - "http://localhost:5000/" "Mozilla/5.0 (Windows NT 10.0; Win64; x64) AppleWebKit/537.36 (KHTML, like Gecko) Chrome/94.0.4606.81 Safari/537.36"
::1 - - [24/Oct/2021:14:14:38 +0000] "GET /assets/vendor/feather-icons/feather.js HTTP/1.1" 304 - "http://localhost:5000/" "Mozilla/5.0 (Windows NT 10.0; Win64; x64) AppleWebKit/537.36 (KHTML, like Gecko) Chrome/94.0.4606.81 Safari/537.36"
::1 - - [24/Oct/2021:14:14:39 +0000] "GET /notes/add HTTP/1.1" 200 3098 "http://localhost:5000/" "Mozilla/5.0 (Windows NT 10.0; Win64; x64) AppleWebKit/537.36 (KHTML, like Gecko) Chrome/94.0.4606.81 Safari/537.36"
::1 - - [24/Oct/2021:14:14:39 +0000] "GET /stylesheets/style.css HTTP/1.1" 304 - "http://localhost:5000/notes/add" "Mozilla/5.0 (Windows NT 10.0; Win64; x64) AppleWebKit/537.36 (KHTML, like Gecko) Chrome/94.0.4606.81 Safari/537.36"
::1 - - [24/Oct/2021:14:14:39 +0000] "GET /assets/vendor/bootstrap/css/bootstrap.min.css HTTP/1.1" 304 - "http://localhost:5000/notes/add" "Mozilla/5.0 (Windows NT 10.0; Win64; x64) AppleWebKit/537.36 (KHTML, like Gecko) Chrome/94.0.4606.81 Safari/537.36"
::1 - - [24/Oct/2021:14:14:39 +0000] "GET /assets/vendor/jquery/jquery.min.js HTTP/1.1" 304 - "http://localhost:5000/notes/add" "Mozilla/5.0 (Windows NT 10.0; Win64; x64) AppleWebKit/537.36 (KHTML, like Gecko) Chrome/94.0.4606.81 Safari/537.36"
::1 - - [24/Oct/2021:14:14:39 +0000] "GET /assets/vendor/@popperjs/popper.js HTTP/1.1" 304 - "http://localhost:5000/notes/add" "Mozilla/5.0 (Windows NT 10.0; Win64; x64) AppleWebKit/537.36 (KHTML, like Gecko) Chrome/94.0.4606.81 Safari/537.36"
::1 - - [24/Oct/2021:14:14:39 +0000] "GET /assets/vendor/bootstrap/js/bootstrap.min.js HTTP/1.1" 304 - "http://localhost:5000/notes/add" "Mozilla/5.0 (Windows NT 10.0; Win64; x64) AppleWebKit/537.36 (KHTML, like Gecko) Chrome/94.0.4606.81 Safari/537.36"
::1 - - [24/Oct/2021:14:14:39 +0000] "GET /assets/vendor/feather-icons/feather.js HTTP/1.1" 304 - "http://localhost:5000/notes/add" "Mozilla/5.0 (Windows NT 10.0; Win64; x64) AppleWebKit/537.36 (KHTML, like Gecko) Chrome/94.0.4606.81 Safari/537.36"
::1 - - [24/Oct/2021:14:14:45 +0000] "POST /notes/save HTTP/1.1" 302 94 "http://localhost:5000/notes/add" "Mozilla/5.0 (Windows NT 10.0; Win64; x64) AppleWebKit/537.36 (KHTML, like Gecko) Chrome/94.0.4606.81 Safari/537.36"
::1 - - [24/Oct/2021:14:14:45 +0000] "GET /notes/view?key=denemeler HTTP/1.1" 200 3773 "http://localhost:5000/notes/add" "Mozilla/5.0 (Windows NT 10.0; Win64; x64) AppleWebKit/537.36 (KHTML, like Gecko) Chrome/94.0.4606.81 Safari/537.36"
::1 - - [24/Oct/2021:14:14:45 +0000] "GET /assets/vendor/bootstrap/css/bootstrap.min.css HTTP/1.1" 304 - "http://localhost:5000/notes/view?key=denemeler" "Mozilla/5.0 (Windows NT 10.0; Win64; x64) AppleWebKit/537.36 (KHTML, like Gecko) Chrome/94.0.4606.81 Safari/537.36"
::1 - - [24/Oct/2021:14:14:45 +0000] "GET /stylesheets/style.css HTTP/1.1" 304 - "http://localhost:5000/notes/view?key=denemeler" "Mozilla/5.0 (Windows NT 10.0; Win64; x64) AppleWebKit/537.36 (KHTML, like Gecko) Chrome/94.0.4606.81 Safari/537.36"
::1 - - [24/Oct/2021:14:14:45 +0000] "GET /assets/vendor/jquery/jquery.min.js HTTP/1.1" 304 - "http://localhost:5000/notes/view?key=denemeler" "Mozilla/5.0 (Windows NT 10.0; Win64; x64) AppleWebKit/537.36 (KHTML, like Gecko) Chrome/94.0.4606.81 Safari/537.36"
::1 - - [24/Oct/2021:14:14:45 +0000] "GET /assets/vendor/@popperjs/popper.js HTTP/1.1" 304 - "http://localhost:5000/notes/view?key=denemeler" "Mozilla/5.0 (Windows NT 10.0; Win64; x64) AppleWebKit/537.36 (KHTML, like Gecko) Chrome/94.0.4606.81 Safari/537.36"
::1 - - [24/Oct/2021:14:14:45 +0000] "GET /assets/vendor/bootstrap/js/bootstrap.min.js HTTP/1.1" 304 - "http://localhost:5000/notes/view?key=denemeler" "Mozilla/5.0 (Windows NT 10.0; Win64; x64) AppleWebKit/537.36 (KHTML, like Gecko) Chrome/94.0.4606.81 Safari/537.36"
::1 - - [24/Oct/2021:14:14:45 +0000] "GET /assets/vendor/feather-icons/feather.js HTTP/1.1" 304 - "http://localhost:5000/notes/view?key=denemeler" "Mozilla/5.0 (Windows NT 10.0; Win64; x64) AppleWebKit/537.36 (KHTML, like Gecko) Chrome/94.0.4606.81 Safari/537.36"
::1 - - [24/Oct/2021:14:14:46 +0000] "GET / HTTP/1.1" 200 2563 "http://localhost:5000/notes/view?key=denemeler" "Mozilla/5.0 (Windows NT 10.0; Win64; x64) AppleWebKit/537.36 (KHTML, like Gecko) Chrome/94.0.4606.81 Safari/537.36"
::1 - - [24/Oct/2021:14:14:46 +0000] "GET /assets/vendor/bootstrap/css/bootstrap.min.css HTTP/1.1" 304 - "http://localhost:5000/" "Mozilla/5.0 (Windows NT 10.0; Win64; x64) AppleWebKit/537.36 (KHTML, like Gecko) Chrome/94.0.4606.81 Safari/537.36"
::1 - - [24/Oct/2021:14:14:46 +0000] "GET /stylesheets/style.css HTTP/1.1" 304 - "http://localhost:5000/" "Mozilla/5.0 (Windows NT 10.0; Win64; x64) AppleWebKit/537.36 (KHTML, like Gecko) Chrome/94.0.4606.81 Safari/537.36"
::1 - - [24/Oct/2021:14:14:46 +0000] "GET /assets/vendor/jquery/jquery.min.js HTTP/1.1" 304 - "http://localhost:5000/" "Mozilla/5.0 (Windows NT 10.0; Win64; x64) AppleWebKit/537.36 (KHTML, like Gecko) Chrome/94.0.4606.81 Safari/537.36"
::1 - - [24/Oct/2021:14:14:46 +0000] "GET /assets/vendor/@popperjs/popper.js HTTP/1.1" 304 - "http://localhost:5000/" "Mozilla/5.0 (Windows NT 10.0; Win64; x64) AppleWebKit/537.36 (KHTML, like Gecko) Chrome/94.0.4606.81 Safari/537.36"
::1 - - [24/Oct/2021:14:14:46 +0000] "GET /assets/vendor/bootstrap/js/bootstrap.min.js HTTP/1.1" 304 - "http://localhost:5000/" "Mozilla/5.0 (Windows NT 10.0; Win64; x64) AppleWebKit/537.36 (KHTML, like Gecko) Chrome/94.0.4606.81 Safari/537.36"
::1 - - [24/Oct/2021:14:14:46 +0000] "GET /assets/vendor/feather-icons/feather.js HTTP/1.1" 304 - "http://localhost:5000/" "Mozilla/5.0 (Windows NT 10.0; Win64; x64) AppleWebKit/537.36 (KHTML, like Gecko) Chrome/94.0.4606.81 Safari/537.36"
::1 - - [24/Oct/2021:18:26:14 +0000] "GET / HTTP/1.1" - - "-" "Mozilla/5.0 (Windows NT 10.0; Win64; x64) AppleWebKit/537.36 (KHTML, like Gecko) Chrome/94.0.4606.81 Safari/537.36"
::1 - - [24/Oct/2021:18:26:14 +0000] "GET / HTTP/1.1" 200 2070 "-" "Mozilla/5.0 (Windows NT 10.0; Win64; x64) AppleWebKit/537.36 (KHTML, like Gecko) Chrome/94.0.4606.81 Safari/537.36"
::1 - - [24/Oct/2021:18:26:14 +0000] "GET /assets/vendor/bootstrap/css/bootstrap.min.css HTTP/1.1" 304 - "http://localhost:5000/" "Mozilla/5.0 (Windows NT 10.0; Win64; x64) AppleWebKit/537.36 (KHTML, like Gecko) Chrome/94.0.4606.81 Safari/537.36"
::1 - - [24/Oct/2021:18:26:14 +0000] "GET /stylesheets/style.css HTTP/1.1" 304 - "http://localhost:5000/" "Mozilla/5.0 (Windows NT 10.0; Win64; x64) AppleWebKit/537.36 (KHTML, like Gecko) Chrome/94.0.4606.81 Safari/537.36"
::1 - - [24/Oct/2021:18:26:14 +0000] "GET /assets/vendor/jquery/jquery.min.js HTTP/1.1" 304 - "http://localhost:5000/" "Mozilla/5.0 (Windows NT 10.0; Win64; x64) AppleWebKit/537.36 (KHTML, like Gecko) Chrome/94.0.4606.81 Safari/537.36"
::1 - - [24/Oct/2021:18:26:14 +0000] "GET /assets/vendor/@popperjs/popper.js HTTP/1.1" 304 - "http://localhost:5000/" "Mozilla/5.0 (Windows NT 10.0; Win64; x64) AppleWebKit/537.36 (KHTML, like Gecko) Chrome/94.0.4606.81 Safari/537.36"
::1 - - [24/Oct/2021:18:26:14 +0000] "GET /assets/vendor/bootstrap/js/bootstrap.min.js HTTP/1.1" 304 - "http://localhost:5000/" "Mozilla/5.0 (Windows NT 10.0; Win64; x64) AppleWebKit/537.36 (KHTML, like Gecko) Chrome/94.0.4606.81 Safari/537.36"
::1 - - [24/Oct/2021:18:26:14 +0000] "GET /assets/vendor/feather-icons/feather.js HTTP/1.1" 304 - "http://localhost:5000/" "Mozilla/5.0 (Windows NT 10.0; Win64; x64) AppleWebKit/537.36 (KHTML, like Gecko) Chrome/94.0.4606.81 Safari/537.36"
::1 - - [24/Oct/2021:18:26:16 +0000] "GET / HTTP/1.1" 304 - "http://localhost:5000/" "Mozilla/5.0 (Windows NT 10.0; Win64; x64) AppleWebKit/537.36 (KHTML, like Gecko) Chrome/94.0.4606.81 Safari/537.36"
::1 - - [24/Oct/2021:18:26:16 +0000] "GET /assets/vendor/bootstrap/css/bootstrap.min.css HTTP/1.1" 304 - "http://localhost:5000/" "Mozilla/5.0 (Windows NT 10.0; Win64; x64) AppleWebKit/537.36 (KHTML, like Gecko) Chrome/94.0.4606.81 Safari/537.36"
::1 - - [24/Oct/2021:18:26:16 +0000] "GET /stylesheets/style.css HTTP/1.1" 304 - "http://localhost:5000/" "Mozilla/5.0 (Windows NT 10.0; Win64; x64) AppleWebKit/537.36 (KHTML, like Gecko) Chrome/94.0.4606.81 Safari/537.36"
::1 - - [24/Oct/2021:18:26:16 +0000] "GET /assets/vendor/jquery/jquery.min.js HTTP/1.1" 304 - "http://localhost:5000/" "Mozilla/5.0 (Windows NT 10.0; Win64; x64) AppleWebKit/537.36 (KHTML, like Gecko) Chrome/94.0.4606.81 Safari/537.36"
::1 - - [24/Oct/2021:18:26:16 +0000] "GET /assets/vendor/@popperjs/popper.js HTTP/1.1" 304 - "http://localhost:5000/" "Mozilla/5.0 (Windows NT 10.0; Win64; x64) AppleWebKit/537.36 (KHTML, like Gecko) Chrome/94.0.4606.81 Safari/537.36"
::1 - - [24/Oct/2021:18:26:16 +0000] "GET /assets/vendor/bootstrap/js/bootstrap.min.js HTTP/1.1" 304 - "http://localhost:5000/" "Mozilla/5.0 (Windows NT 10.0; Win64; x64) AppleWebKit/537.36 (KHTML, like Gecko) Chrome/94.0.4606.81 Safari/537.36"
::1 - - [24/Oct/2021:18:26:16 +0000] "GET /assets/vendor/feather-icons/feather.js HTTP/1.1" 304 - "http://localhost:5000/" "Mozilla/5.0 (Windows NT 10.0; Win64; x64) AppleWebKit/537.36 (KHTML, like Gecko) Chrome/94.0.4606.81 Safari/537.36"
::1 - - [24/Oct/2021:18:26:18 +0000] "GET /notes/add HTTP/1.1" 304 - "http://localhost:5000/" "Mozilla/5.0 (Windows NT 10.0; Win64; x64) AppleWebKit/537.36 (KHTML, like Gecko) Chrome/94.0.4606.81 Safari/537.36"
::1 - - [24/Oct/2021:18:26:18 +0000] "GET /assets/vendor/bootstrap/css/bootstrap.min.css HTTP/1.1" 304 - "http://localhost:5000/notes/add" "Mozilla/5.0 (Windows NT 10.0; Win64; x64) AppleWebKit/537.36 (KHTML, like Gecko) Chrome/94.0.4606.81 Safari/537.36"
::1 - - [24/Oct/2021:18:26:18 +0000] "GET /stylesheets/style.css HTTP/1.1" 304 - "http://localhost:5000/notes/add" "Mozilla/5.0 (Windows NT 10.0; Win64; x64) AppleWebKit/537.36 (KHTML, like Gecko) Chrome/94.0.4606.81 Safari/537.36"
::1 - - [24/Oct/2021:18:26:18 +0000] "GET /assets/vendor/jquery/jquery.min.js HTTP/1.1" 304 - "http://localhost:5000/notes/add" "Mozilla/5.0 (Windows NT 10.0; Win64; x64) AppleWebKit/537.36 (KHTML, like Gecko) Chrome/94.0.4606.81 Safari/537.36"
::1 - - [24/Oct/2021:18:26:18 +0000] "GET /assets/vendor/@popperjs/popper.js HTTP/1.1" 304 - "http://localhost:5000/notes/add" "Mozilla/5.0 (Windows NT 10.0; Win64; x64) AppleWebKit/537.36 (KHTML, like Gecko) Chrome/94.0.4606.81 Safari/537.36"
::1 - - [24/Oct/2021:18:26:18 +0000] "GET /assets/vendor/bootstrap/js/bootstrap.min.js HTTP/1.1" 304 - "http://localhost:5000/notes/add" "Mozilla/5.0 (Windows NT 10.0; Win64; x64) AppleWebKit/537.36 (KHTML, like Gecko) Chrome/94.0.4606.81 Safari/537.36"
::1 - - [24/Oct/2021:18:26:18 +0000] "GET /assets/vendor/feather-icons/feather.js HTTP/1.1" 304 - "http://localhost:5000/notes/add" "Mozilla/5.0 (Windows NT 10.0; Win64; x64) AppleWebKit/537.36 (KHTML, like Gecko) Chrome/94.0.4606.81 Safari/537.36"
::1 - - [24/Oct/2021:18:26:20 +0000] "POST /notes/save HTTP/1.1" 302 82 "http://localhost:5000/notes/add" "Mozilla/5.0 (Windows NT 10.0; Win64; x64) AppleWebKit/537.36 (KHTML, like Gecko) Chrome/94.0.4606.81 Safari/537.36"
::1 - - [24/Oct/2021:18:26:20 +0000] "GET /notes/view?key=asd HTTP/1.1" 200 3734 "http://localhost:5000/notes/add" "Mozilla/5.0 (Windows NT 10.0; Win64; x64) AppleWebKit/537.36 (KHTML, like Gecko) Chrome/94.0.4606.81 Safari/537.36"
::1 - - [24/Oct/2021:18:26:20 +0000] "GET /assets/vendor/bootstrap/css/bootstrap.min.css HTTP/1.1" 304 - "http://localhost:5000/notes/view?key=asd" "Mozilla/5.0 (Windows NT 10.0; Win64; x64) AppleWebKit/537.36 (KHTML, like Gecko) Chrome/94.0.4606.81 Safari/537.36"
::1 - - [24/Oct/2021:18:26:20 +0000] "GET /stylesheets/style.css HTTP/1.1" 304 - "http://localhost:5000/notes/view?key=asd" "Mozilla/5.0 (Windows NT 10.0; Win64; x64) AppleWebKit/537.36 (KHTML, like Gecko) Chrome/94.0.4606.81 Safari/537.36"
::1 - - [24/Oct/2021:18:26:20 +0000] "GET /assets/vendor/jquery/jquery.min.js HTTP/1.1" 304 - "http://localhost:5000/notes/view?key=asd" "Mozilla/5.0 (Windows NT 10.0; Win64; x64) AppleWebKit/537.36 (KHTML, like Gecko) Chrome/94.0.4606.81 Safari/537.36"
::1 - - [24/Oct/2021:18:26:20 +0000] "GET /assets/vendor/@popperjs/popper.js HTTP/1.1" 304 - "http://localhost:5000/notes/view?key=asd" "Mozilla/5.0 (Windows NT 10.0; Win64; x64) AppleWebKit/537.36 (KHTML, like Gecko) Chrome/94.0.4606.81 Safari/537.36"
::1 - - [24/Oct/2021:18:26:20 +0000] "GET /assets/vendor/bootstrap/js/bootstrap.min.js HTTP/1.1" 304 - "http://localhost:5000/notes/view?key=asd" "Mozilla/5.0 (Windows NT 10.0; Win64; x64) AppleWebKit/537.36 (KHTML, like Gecko) Chrome/94.0.4606.81 Safari/537.36"
::1 - - [24/Oct/2021:18:26:20 +0000] "GET /assets/vendor/feather-icons/feather.js HTTP/1.1" 304 - "http://localhost:5000/notes/view?key=asd" "Mozilla/5.0 (Windows NT 10.0; Win64; x64) AppleWebKit/537.36 (KHTML, like Gecko) Chrome/94.0.4606.81 Safari/537.36"
::1 - - [24/Oct/2021:18:28:21 +0000] "GET / HTTP/1.1" - - "http://localhost:5000/notes/view?key=asd" "Mozilla/5.0 (Windows NT 10.0; Win64; x64) AppleWebKit/537.36 (KHTML, like Gecko) Chrome/94.0.4606.81 Safari/537.36"
::1 - - [24/Oct/2021:18:28:21 +0000] "GET / HTTP/1.1" - - "http://localhost:5000/notes/view?key=asd" "Mozilla/5.0 (Windows NT 10.0; Win64; x64) AppleWebKit/537.36 (KHTML, like Gecko) Chrome/94.0.4606.81 Safari/537.36"
::1 - - [24/Oct/2021:18:28:21 +0000] "GET / HTTP/1.1" 200 2548 "http://localhost:5000/notes/view?key=asd" "Mozilla/5.0 (Windows NT 10.0; Win64; x64) AppleWebKit/537.36 (KHTML, like Gecko) Chrome/94.0.4606.81 Safari/537.36"
::1 - - [24/Oct/2021:18:28:21 +0000] "GET / HTTP/1.1" 200 2548 "http://localhost:5000/notes/view?key=asd" "Mozilla/5.0 (Windows NT 10.0; Win64; x64) AppleWebKit/537.36 (KHTML, like Gecko) Chrome/94.0.4606.81 Safari/537.36"
::1 - - [24/Oct/2021:18:28:21 +0000] "GET /assets/vendor/bootstrap/css/bootstrap.min.css HTTP/1.1" 304 - "http://localhost:5000/" "Mozilla/5.0 (Windows NT 10.0; Win64; x64) AppleWebKit/537.36 (KHTML, like Gecko) Chrome/94.0.4606.81 Safari/537.36"
::1 - - [24/Oct/2021:18:28:21 +0000] "GET /assets/vendor/bootstrap/css/bootstrap.min.css HTTP/1.1" 304 - "http://localhost:5000/" "Mozilla/5.0 (Windows NT 10.0; Win64; x64) AppleWebKit/537.36 (KHTML, like Gecko) Chrome/94.0.4606.81 Safari/537.36"
::1 - - [24/Oct/2021:18:28:21 +0000] "GET /stylesheets/style.css HTTP/1.1" 304 - "http://localhost:5000/" "Mozilla/5.0 (Windows NT 10.0; Win64; x64) AppleWebKit/537.36 (KHTML, like Gecko) Chrome/94.0.4606.81 Safari/537.36"
::1 - - [24/Oct/2021:18:28:21 +0000] "GET /assets/vendor/jquery/jquery.min.js HTTP/1.1" 304 - "http://localhost:5000/" "Mozilla/5.0 (Windows NT 10.0; Win64; x64) AppleWebKit/537.36 (KHTML, like Gecko) Chrome/94.0.4606.81 Safari/537.36"
::1 - - [24/Oct/2021:18:28:21 +0000] "GET /stylesheets/style.css HTTP/1.1" 304 - "http://localhost:5000/" "Mozilla/5.0 (Windows NT 10.0; Win64; x64) AppleWebKit/537.36 (KHTML, like Gecko) Chrome/94.0.4606.81 Safari/537.36"
::1 - - [24/Oct/2021:18:28:21 +0000] "GET /assets/vendor/feather-icons/feather.js HTTP/1.1" 304 - "http://localhost:5000/" "Mozilla/5.0 (Windows NT 10.0; Win64; x64) AppleWebKit/537.36 (KHTML, like Gecko) Chrome/94.0.4606.81 Safari/537.36"
::1 - - [24/Oct/2021:18:28:21 +0000] "GET /assets/vendor/jquery/jquery.min.js HTTP/1.1" 304 - "http://localhost:5000/" "Mozilla/5.0 (Windows NT 10.0; Win64; x64) AppleWebKit/537.36 (KHTML, like Gecko) Chrome/94.0.4606.81 Safari/537.36"
::1 - - [24/Oct/2021:18:28:21 +0000] "GET /assets/vendor/@popperjs/popper.js HTTP/1.1" 304 - "http://localhost:5000/" "Mozilla/5.0 (Windows NT 10.0; Win64; x64) AppleWebKit/537.36 (KHTML, like Gecko) Chrome/94.0.4606.81 Safari/537.36"
::1 - - [24/Oct/2021:18:28:21 +0000] "GET /assets/vendor/bootstrap/js/bootstrap.min.js HTTP/1.1" 304 - "http://localhost:5000/" "Mozilla/5.0 (Windows NT 10.0; Win64; x64) AppleWebKit/537.36 (KHTML, like Gecko) Chrome/94.0.4606.81 Safari/537.36"
::1 - - [24/Oct/2021:18:28:21 +0000] "GET /assets/vendor/feather-icons/feather.js HTTP/1.1" 304 - "http://localhost:5000/" "Mozilla/5.0 (Windows NT 10.0; Win64; x64) AppleWebKit/537.36 (KHTML, like Gecko) Chrome/94.0.4606.81 Safari/537.36"
::1 - - [24/Oct/2021:18:28:21 +0000] "GET /assets/vendor/@popperjs/popper.js HTTP/1.1" 304 - "http://localhost:5000/" "Mozilla/5.0 (Windows NT 10.0; Win64; x64) AppleWebKit/537.36 (KHTML, like Gecko) Chrome/94.0.4606.81 Safari/537.36"
::1 - - [24/Oct/2021:18:28:21 +0000] "GET /assets/vendor/bootstrap/js/bootstrap.min.js HTTP/1.1" 304 - "http://localhost:5000/" "Mozilla/5.0 (Windows NT 10.0; Win64; x64) AppleWebKit/537.36 (KHTML, like Gecko) Chrome/94.0.4606.81 Safari/537.36"
::1 - - [24/Oct/2021:18:28:47 +0000] "GET / HTTP/1.1" 304 - "http://localhost:5000/" "Mozilla/5.0 (Windows NT 10.0; Win64; x64) AppleWebKit/537.36 (KHTML, like Gecko) Chrome/94.0.4606.81 Safari/537.36"
::1 - - [24/Oct/2021:18:28:47 +0000] "GET / HTTP/1.1" 304 - "http://localhost:5000/" "Mozilla/5.0 (Windows NT 10.0; Win64; x64) AppleWebKit/537.36 (KHTML, like Gecko) Chrome/94.0.4606.81 Safari/537.36"
::1 - - [24/Oct/2021:18:28:47 +0000] "GET /assets/vendor/bootstrap/css/bootstrap.min.css HTTP/1.1" 304 - "http://localhost:5000/" "Mozilla/5.0 (Windows NT 10.0; Win64; x64) AppleWebKit/537.36 (KHTML, like Gecko) Chrome/94.0.4606.81 Safari/537.36"
::1 - - [24/Oct/2021:18:28:47 +0000] "GET /assets/vendor/bootstrap/css/bootstrap.min.css HTTP/1.1" 304 - "http://localhost:5000/" "Mozilla/5.0 (Windows NT 10.0; Win64; x64) AppleWebKit/537.36 (KHTML, like Gecko) Chrome/94.0.4606.81 Safari/537.36"
::1 - - [24/Oct/2021:18:28:47 +0000] "GET /stylesheets/style.css HTTP/1.1" 304 - "http://localhost:5000/" "Mozilla/5.0 (Windows NT 10.0; Win64; x64) AppleWebKit/537.36 (KHTML, like Gecko) Chrome/94.0.4606.81 Safari/537.36"
::1 - - [24/Oct/2021:18:28:47 +0000] "GET /stylesheets/style.css HTTP/1.1" 304 - "http://localhost:5000/" "Mozilla/5.0 (Windows NT 10.0; Win64; x64) AppleWebKit/537.36 (KHTML, like Gecko) Chrome/94.0.4606.81 Safari/537.36"
::1 - - [24/Oct/2021:18:28:47 +0000] "GET /assets/vendor/jquery/jquery.min.js HTTP/1.1" 304 - "http://localhost:5000/" "Mozilla/5.0 (Windows NT 10.0; Win64; x64) AppleWebKit/537.36 (KHTML, like Gecko) Chrome/94.0.4606.81 Safari/537.36"
::1 - - [24/Oct/2021:18:28:47 +0000] "GET /assets/vendor/@popperjs/popper.js HTTP/1.1" 304 - "http://localhost:5000/" "Mozilla/5.0 (Windows NT 10.0; Win64; x64) AppleWebKit/537.36 (KHTML, like Gecko) Chrome/94.0.4606.81 Safari/537.36"
::1 - - [24/Oct/2021:18:28:47 +0000] "GET /assets/vendor/jquery/jquery.min.js HTTP/1.1" 304 - "http://localhost:5000/" "Mozilla/5.0 (Windows NT 10.0; Win64; x64) AppleWebKit/537.36 (KHTML, like Gecko) Chrome/94.0.4606.81 Safari/537.36"
::1 - - [24/Oct/2021:18:28:47 +0000] "GET /assets/vendor/bootstrap/js/bootstrap.min.js HTTP/1.1" 304 - "http://localhost:5000/" "Mozilla/5.0 (Windows NT 10.0; Win64; x64) AppleWebKit/537.36 (KHTML, like Gecko) Chrome/94.0.4606.81 Safari/537.36"
::1 - - [24/Oct/2021:18:28:47 +0000] "GET /assets/vendor/feather-icons/feather.js HTTP/1.1" 304 - "http://localhost:5000/" "Mozilla/5.0 (Windows NT 10.0; Win64; x64) AppleWebKit/537.36 (KHTML, like Gecko) Chrome/94.0.4606.81 Safari/537.36"
::1 - - [24/Oct/2021:18:28:47 +0000] "GET /assets/vendor/@popperjs/popper.js HTTP/1.1" 304 - "http://localhost:5000/" "Mozilla/5.0 (Windows NT 10.0; Win64; x64) AppleWebKit/537.36 (KHTML, like Gecko) Chrome/94.0.4606.81 Safari/537.36"
::1 - - [24/Oct/2021:18:28:47 +0000] "GET /assets/vendor/bootstrap/js/bootstrap.min.js HTTP/1.1" 304 - "http://localhost:5000/" "Mozilla/5.0 (Windows NT 10.0; Win64; x64) AppleWebKit/537.36 (KHTML, like Gecko) Chrome/94.0.4606.81 Safari/537.36"
::1 - - [24/Oct/2021:18:28:47 +0000] "GET /assets/vendor/feather-icons/feather.js HTTP/1.1" 304 - "http://localhost:5000/" "Mozilla/5.0 (Windows NT 10.0; Win64; x64) AppleWebKit/537.36 (KHTML, like Gecko) Chrome/94.0.4606.81 Safari/537.36"
::1 - - [24/Oct/2021:18:28:49 +0000] "GET / HTTP/1.1" 304 - "http://localhost:5000/" "Mozilla/5.0 (Windows NT 10.0; Win64; x64) AppleWebKit/537.36 (KHTML, like Gecko) Chrome/94.0.4606.81 Safari/537.36"
::1 - - [24/Oct/2021:18:28:49 +0000] "GET / HTTP/1.1" 304 - "http://localhost:5000/" "Mozilla/5.0 (Windows NT 10.0; Win64; x64) AppleWebKit/537.36 (KHTML, like Gecko) Chrome/94.0.4606.81 Safari/537.36"
::1 - - [24/Oct/2021:18:28:49 +0000] "GET /stylesheets/style.css HTTP/1.1" 304 - "http://localhost:5000/" "Mozilla/5.0 (Windows NT 10.0; Win64; x64) AppleWebKit/537.36 (KHTML, like Gecko) Chrome/94.0.4606.81 Safari/537.36"
::1 - - [24/Oct/2021:18:28:49 +0000] "GET /assets/vendor/bootstrap/css/bootstrap.min.css HTTP/1.1" 304 - "http://localhost:5000/" "Mozilla/5.0 (Windows NT 10.0; Win64; x64) AppleWebKit/537.36 (KHTML, like Gecko) Chrome/94.0.4606.81 Safari/537.36"
::1 - - [24/Oct/2021:18:28:49 +0000] "GET /stylesheets/style.css HTTP/1.1" 304 - "http://localhost:5000/" "Mozilla/5.0 (Windows NT 10.0; Win64; x64) AppleWebKit/537.36 (KHTML, like Gecko) Chrome/94.0.4606.81 Safari/537.36"
::1 - - [24/Oct/2021:18:28:49 +0000] "GET /assets/vendor/jquery/jquery.min.js HTTP/1.1" 304 - "http://localhost:5000/" "Mozilla/5.0 (Windows NT 10.0; Win64; x64) AppleWebKit/537.36 (KHTML, like Gecko) Chrome/94.0.4606.81 Safari/537.36"
::1 - - [24/Oct/2021:18:28:49 +0000] "GET /assets/vendor/@popperjs/popper.js HTTP/1.1" 304 - "http://localhost:5000/" "Mozilla/5.0 (Windows NT 10.0; Win64; x64) AppleWebKit/537.36 (KHTML, like Gecko) Chrome/94.0.4606.81 Safari/537.36"
::1 - - [24/Oct/2021:18:28:49 +0000] "GET /assets/vendor/bootstrap/js/bootstrap.min.js HTTP/1.1" 304 - "http://localhost:5000/" "Mozilla/5.0 (Windows NT 10.0; Win64; x64) AppleWebKit/537.36 (KHTML, like Gecko) Chrome/94.0.4606.81 Safari/537.36"
::1 - - [24/Oct/2021:18:28:49 +0000] "GET /assets/vendor/bootstrap/css/bootstrap.min.css HTTP/1.1" 304 - "http://localhost:5000/" "Mozilla/5.0 (Windows NT 10.0; Win64; x64) AppleWebKit/537.36 (KHTML, like Gecko) Chrome/94.0.4606.81 Safari/537.36"
::1 - - [24/Oct/2021:18:28:49 +0000] "GET /assets/vendor/feather-icons/feather.js HTTP/1.1" 304 - "http://localhost:5000/" "Mozilla/5.0 (Windows NT 10.0; Win64; x64) AppleWebKit/537.36 (KHTML, like Gecko) Chrome/94.0.4606.81 Safari/537.36"
::1 - - [24/Oct/2021:18:28:49 +0000] "GET /assets/vendor/jquery/jquery.min.js HTTP/1.1" 304 - "http://localhost:5000/" "Mozilla/5.0 (Windows NT 10.0; Win64; x64) AppleWebKit/537.36 (KHTML, like Gecko) Chrome/94.0.4606.81 Safari/537.36"
::1 - - [24/Oct/2021:18:28:49 +0000] "GET /assets/vendor/@popperjs/popper.js HTTP/1.1" 304 - "http://localhost:5000/" "Mozilla/5.0 (Windows NT 10.0; Win64; x64) AppleWebKit/537.36 (KHTML, like Gecko) Chrome/94.0.4606.81 Safari/537.36"
::1 - - [24/Oct/2021:18:28:49 +0000] "GET /assets/vendor/bootstrap/js/bootstrap.min.js HTTP/1.1" 304 - "http://localhost:5000/" "Mozilla/5.0 (Windows NT 10.0; Win64; x64) AppleWebKit/537.36 (KHTML, like Gecko) Chrome/94.0.4606.81 Safari/537.36"
::1 - - [24/Oct/2021:18:28:49 +0000] "GET /assets/vendor/feather-icons/feather.js HTTP/1.1" 304 - "http://localhost:5000/" "Mozilla/5.0 (Windows NT 10.0; Win64; x64) AppleWebKit/537.36 (KHTML, like Gecko) Chrome/94.0.4606.81 Safari/537.36"
::1 - - [24/Oct/2021:18:28:49 +0000] "GET / HTTP/1.1" 304 - "http://localhost:5000/" "Mozilla/5.0 (Windows NT 10.0; Win64; x64) AppleWebKit/537.36 (KHTML, like Gecko) Chrome/94.0.4606.81 Safari/537.36"
::1 - - [24/Oct/2021:18:28:49 +0000] "GET / HTTP/1.1" 304 - "http://localhost:5000/" "Mozilla/5.0 (Windows NT 10.0; Win64; x64) AppleWebKit/537.36 (KHTML, like Gecko) Chrome/94.0.4606.81 Safari/537.36"
::1 - - [24/Oct/2021:18:28:49 +0000] "GET /assets/vendor/bootstrap/css/bootstrap.min.css HTTP/1.1" 304 - "http://localhost:5000/" "Mozilla/5.0 (Windows NT 10.0; Win64; x64) AppleWebKit/537.36 (KHTML, like Gecko) Chrome/94.0.4606.81 Safari/537.36"
::1 - - [24/Oct/2021:18:28:49 +0000] "GET /assets/vendor/bootstrap/css/bootstrap.min.css HTTP/1.1" 304 - "http://localhost:5000/" "Mozilla/5.0 (Windows NT 10.0; Win64; x64) AppleWebKit/537.36 (KHTML, like Gecko) Chrome/94.0.4606.81 Safari/537.36"
::1 - - [24/Oct/2021:18:28:49 +0000] "GET /stylesheets/style.css HTTP/1.1" 304 - "http://localhost:5000/" "Mozilla/5.0 (Windows NT 10.0; Win64; x64) AppleWebKit/537.36 (KHTML, like Gecko) Chrome/94.0.4606.81 Safari/537.36"
::1 - - [24/Oct/2021:18:28:49 +0000] "GET /stylesheets/style.css HTTP/1.1" 304 - "http://localhost:5000/" "Mozilla/5.0 (Windows NT 10.0; Win64; x64) AppleWebKit/537.36 (KHTML, like Gecko) Chrome/94.0.4606.81 Safari/537.36"
::1 - - [24/Oct/2021:18:28:49 +0000] "GET /assets/vendor/jquery/jquery.min.js HTTP/1.1" 304 - "http://localhost:5000/" "Mozilla/5.0 (Windows NT 10.0; Win64; x64) AppleWebKit/537.36 (KHTML, like Gecko) Chrome/94.0.4606.81 Safari/537.36"
::1 - - [24/Oct/2021:18:28:49 +0000] "GET /assets/vendor/@popperjs/popper.js HTTP/1.1" 304 - "http://localhost:5000/" "Mozilla/5.0 (Windows NT 10.0; Win64; x64) AppleWebKit/537.36 (KHTML, like Gecko) Chrome/94.0.4606.81 Safari/537.36"
::1 - - [24/Oct/2021:18:28:49 +0000] "GET /assets/vendor/bootstrap/js/bootstrap.min.js HTTP/1.1" 304 - "http://localhost:5000/" "Mozilla/5.0 (Windows NT 10.0; Win64; x64) AppleWebKit/537.36 (KHTML, like Gecko) Chrome/94.0.4606.81 Safari/537.36"
::1 - - [24/Oct/2021:18:28:49 +0000] "GET /assets/vendor/jquery/jquery.min.js HTTP/1.1" 304 - "http://localhost:5000/" "Mozilla/5.0 (Windows NT 10.0; Win64; x64) AppleWebKit/537.36 (KHTML, like Gecko) Chrome/94.0.4606.81 Safari/537.36"
::1 - - [24/Oct/2021:18:28:49 +0000] "GET /assets/vendor/feather-icons/feather.js HTTP/1.1" 304 - "http://localhost:5000/" "Mozilla/5.0 (Windows NT 10.0; Win64; x64) AppleWebKit/537.36 (KHTML, like Gecko) Chrome/94.0.4606.81 Safari/537.36"
::1 - - [24/Oct/2021:18:28:49 +0000] "GET /assets/vendor/@popperjs/popper.js HTTP/1.1" 304 - "http://localhost:5000/" "Mozilla/5.0 (Windows NT 10.0; Win64; x64) AppleWebKit/537.36 (KHTML, like Gecko) Chrome/94.0.4606.81 Safari/537.36"
::1 - - [24/Oct/2021:18:28:49 +0000] "GET /assets/vendor/bootstrap/js/bootstrap.min.js HTTP/1.1" 304 - "http://localhost:5000/" "Mozilla/5.0 (Windows NT 10.0; Win64; x64) AppleWebKit/537.36 (KHTML, like Gecko) Chrome/94.0.4606.81 Safari/537.36"
::1 - - [24/Oct/2021:18:28:49 +0000] "GET /assets/vendor/feather-icons/feather.js HTTP/1.1" 304 - "http://localhost:5000/" "Mozilla/5.0 (Windows NT 10.0; Win64; x64) AppleWebKit/537.36 (KHTML, like Gecko) Chrome/94.0.4606.81 Safari/537.36"
::1 - - [24/Oct/2021:18:29:33 +0000] "GET / HTTP/1.1" - - "http://localhost:5000/" "Mozilla/5.0 (Windows NT 10.0; Win64; x64) AppleWebKit/537.36 (KHTML, like Gecko) Chrome/94.0.4606.81 Safari/537.36"
::1 - - [24/Oct/2021:18:29:33 +0000] "GET / HTTP/1.1" - - "http://localhost:5000/" "Mozilla/5.0 (Windows NT 10.0; Win64; x64) AppleWebKit/537.36 (KHTML, like Gecko) Chrome/94.0.4606.81 Safari/537.36"
::1 - - [24/Oct/2021:18:29:33 +0000] "GET / HTTP/1.1" 200 2548 "http://localhost:5000/" "Mozilla/5.0 (Windows NT 10.0; Win64; x64) AppleWebKit/537.36 (KHTML, like Gecko) Chrome/94.0.4606.81 Safari/537.36"
::1 - - [24/Oct/2021:18:29:33 +0000] "GET / HTTP/1.1" 200 2548 "http://localhost:5000/" "Mozilla/5.0 (Windows NT 10.0; Win64; x64) AppleWebKit/537.36 (KHTML, like Gecko) Chrome/94.0.4606.81 Safari/537.36"
::1 - - [24/Oct/2021:18:29:33 +0000] "GET /assets/vendor/bootstrap/css/bootstrap.min.css HTTP/1.1" 304 - "http://localhost:5000/" "Mozilla/5.0 (Windows NT 10.0; Win64; x64) AppleWebKit/537.36 (KHTML, like Gecko) Chrome/94.0.4606.81 Safari/537.36"
::1 - - [24/Oct/2021:18:29:33 +0000] "GET /assets/vendor/bootstrap/css/bootstrap.min.css HTTP/1.1" 304 - "http://localhost:5000/" "Mozilla/5.0 (Windows NT 10.0; Win64; x64) AppleWebKit/537.36 (KHTML, like Gecko) Chrome/94.0.4606.81 Safari/537.36"
::1 - - [24/Oct/2021:18:29:33 +0000] "GET /stylesheets/style.css HTTP/1.1" 304 - "http://localhost:5000/" "Mozilla/5.0 (Windows NT 10.0; Win64; x64) AppleWebKit/537.36 (KHTML, like Gecko) Chrome/94.0.4606.81 Safari/537.36"
::1 - - [24/Oct/2021:18:29:33 +0000] "GET /stylesheets/style.css HTTP/1.1" 304 - "http://localhost:5000/" "Mozilla/5.0 (Windows NT 10.0; Win64; x64) AppleWebKit/537.36 (KHTML, like Gecko) Chrome/94.0.4606.81 Safari/537.36"
::1 - - [24/Oct/2021:18:29:33 +0000] "GET /assets/vendor/jquery/jquery.min.js HTTP/1.1" 304 - "http://localhost:5000/" "Mozilla/5.0 (Windows NT 10.0; Win64; x64) AppleWebKit/537.36 (KHTML, like Gecko) Chrome/94.0.4606.81 Safari/537.36"
::1 - - [24/Oct/2021:18:29:33 +0000] "GET /assets/vendor/@popperjs/popper.js HTTP/1.1" 304 - "http://localhost:5000/" "Mozilla/5.0 (Windows NT 10.0; Win64; x64) AppleWebKit/537.36 (KHTML, like Gecko) Chrome/94.0.4606.81 Safari/537.36"
::1 - - [24/Oct/2021:18:29:33 +0000] "GET /assets/vendor/jquery/jquery.min.js HTTP/1.1" 304 - "http://localhost:5000/" "Mozilla/5.0 (Windows NT 10.0; Win64; x64) AppleWebKit/537.36 (KHTML, like Gecko) Chrome/94.0.4606.81 Safari/537.36"
::1 - - [24/Oct/2021:18:29:33 +0000] "GET /assets/vendor/bootstrap/js/bootstrap.min.js HTTP/1.1" 304 - "http://localhost:5000/" "Mozilla/5.0 (Windows NT 10.0; Win64; x64) AppleWebKit/537.36 (KHTML, like Gecko) Chrome/94.0.4606.81 Safari/537.36"
::1 - - [24/Oct/2021:18:29:33 +0000] "GET /assets/vendor/feather-icons/feather.js HTTP/1.1" 304 - "http://localhost:5000/" "Mozilla/5.0 (Windows NT 10.0; Win64; x64) AppleWebKit/537.36 (KHTML, like Gecko) Chrome/94.0.4606.81 Safari/537.36"
::1 - - [24/Oct/2021:18:29:33 +0000] "GET /assets/vendor/@popperjs/popper.js HTTP/1.1" 304 - "http://localhost:5000/" "Mozilla/5.0 (Windows NT 10.0; Win64; x64) AppleWebKit/537.36 (KHTML, like Gecko) Chrome/94.0.4606.81 Safari/537.36"
::1 - - [24/Oct/2021:18:29:33 +0000] "GET /assets/vendor/bootstrap/js/bootstrap.min.js HTTP/1.1" 304 - "http://localhost:5000/" "Mozilla/5.0 (Windows NT 10.0; Win64; x64) AppleWebKit/537.36 (KHTML, like Gecko) Chrome/94.0.4606.81 Safari/537.36"
::1 - - [24/Oct/2021:18:29:33 +0000] "GET /assets/vendor/feather-icons/feather.js HTTP/1.1" 304 - "http://localhost:5000/" "Mozilla/5.0 (Windows NT 10.0; Win64; x64) AppleWebKit/537.36 (KHTML, like Gecko) Chrome/94.0.4606.81 Safari/537.36"
::1 - - [24/Oct/2021:18:29:34 +0000] "GET / HTTP/1.1" 304 - "http://localhost:5000/" "Mozilla/5.0 (Windows NT 10.0; Win64; x64) AppleWebKit/537.36 (KHTML, like Gecko) Chrome/94.0.4606.81 Safari/537.36"
::1 - - [24/Oct/2021:18:29:34 +0000] "GET / HTTP/1.1" 304 - "http://localhost:5000/" "Mozilla/5.0 (Windows NT 10.0; Win64; x64) AppleWebKit/537.36 (KHTML, like Gecko) Chrome/94.0.4606.81 Safari/537.36"
::1 - - [24/Oct/2021:18:29:34 +0000] "GET /stylesheets/style.css HTTP/1.1" 304 - "http://localhost:5000/" "Mozilla/5.0 (Windows NT 10.0; Win64; x64) AppleWebKit/537.36 (KHTML, like Gecko) Chrome/94.0.4606.81 Safari/537.36"
::1 - - [24/Oct/2021:18:29:34 +0000] "GET /assets/vendor/bootstrap/css/bootstrap.min.css HTTP/1.1" 304 - "http://localhost:5000/" "Mozilla/5.0 (Windows NT 10.0; Win64; x64) AppleWebKit/537.36 (KHTML, like Gecko) Chrome/94.0.4606.81 Safari/537.36"
::1 - - [24/Oct/2021:18:29:34 +0000] "GET /stylesheets/style.css HTTP/1.1" 304 - "http://localhost:5000/" "Mozilla/5.0 (Windows NT 10.0; Win64; x64) AppleWebKit/537.36 (KHTML, like Gecko) Chrome/94.0.4606.81 Safari/537.36"
::1 - - [24/Oct/2021:18:29:34 +0000] "GET /assets/vendor/jquery/jquery.min.js HTTP/1.1" 304 - "http://localhost:5000/" "Mozilla/5.0 (Windows NT 10.0; Win64; x64) AppleWebKit/537.36 (KHTML, like Gecko) Chrome/94.0.4606.81 Safari/537.36"
::1 - - [24/Oct/2021:18:29:34 +0000] "GET /assets/vendor/@popperjs/popper.js HTTP/1.1" 304 - "http://localhost:5000/" "Mozilla/5.0 (Windows NT 10.0; Win64; x64) AppleWebKit/537.36 (KHTML, like Gecko) Chrome/94.0.4606.81 Safari/537.36"
::1 - - [24/Oct/2021:18:29:34 +0000] "GET /assets/vendor/bootstrap/js/bootstrap.min.js HTTP/1.1" 304 - "http://localhost:5000/" "Mozilla/5.0 (Windows NT 10.0; Win64; x64) AppleWebKit/537.36 (KHTML, like Gecko) Chrome/94.0.4606.81 Safari/537.36"
::1 - - [24/Oct/2021:18:29:34 +0000] "GET /assets/vendor/feather-icons/feather.js HTTP/1.1" 304 - "http://localhost:5000/" "Mozilla/5.0 (Windows NT 10.0; Win64; x64) AppleWebKit/537.36 (KHTML, like Gecko) Chrome/94.0.4606.81 Safari/537.36"
::1 - - [24/Oct/2021:18:29:34 +0000] "GET /assets/vendor/bootstrap/css/bootstrap.min.css HTTP/1.1" 304 - "http://localhost:5000/" "Mozilla/5.0 (Windows NT 10.0; Win64; x64) AppleWebKit/537.36 (KHTML, like Gecko) Chrome/94.0.4606.81 Safari/537.36"
::1 - - [24/Oct/2021:18:29:34 +0000] "GET /assets/vendor/jquery/jquery.min.js HTTP/1.1" 304 - "http://localhost:5000/" "Mozilla/5.0 (Windows NT 10.0; Win64; x64) AppleWebKit/537.36 (KHTML, like Gecko) Chrome/94.0.4606.81 Safari/537.36"
::1 - - [24/Oct/2021:18:29:34 +0000] "GET /assets/vendor/@popperjs/popper.js HTTP/1.1" 304 - "http://localhost:5000/" "Mozilla/5.0 (Windows NT 10.0; Win64; x64) AppleWebKit/537.36 (KHTML, like Gecko) Chrome/94.0.4606.81 Safari/537.36"
::1 - - [24/Oct/2021:18:29:34 +0000] "GET /assets/vendor/bootstrap/js/bootstrap.min.js HTTP/1.1" 304 - "http://localhost:5000/" "Mozilla/5.0 (Windows NT 10.0; Win64; x64) AppleWebKit/537.36 (KHTML, like Gecko) Chrome/94.0.4606.81 Safari/537.36"
::1 - - [24/Oct/2021:18:29:34 +0000] "GET /assets/vendor/feather-icons/feather.js HTTP/1.1" 304 - "http://localhost:5000/" "Mozilla/5.0 (Windows NT 10.0; Win64; x64) AppleWebKit/537.36 (KHTML, like Gecko) Chrome/94.0.4606.81 Safari/537.36"
::1 - - [24/Oct/2021:18:29:41 +0000] "GET / HTTP/1.1" 304 - "http://localhost:5000/" "Mozilla/5.0 (Windows NT 10.0; Win64; x64) AppleWebKit/537.36 (KHTML, like Gecko) Chrome/94.0.4606.81 Safari/537.36"
::1 - - [24/Oct/2021:18:29:41 +0000] "GET / HTTP/1.1" 304 - "http://localhost:5000/" "Mozilla/5.0 (Windows NT 10.0; Win64; x64) AppleWebKit/537.36 (KHTML, like Gecko) Chrome/94.0.4606.81 Safari/537.36"
::1 - - [24/Oct/2021:18:29:41 +0000] "GET /stylesheets/style.css HTTP/1.1" 304 - "http://localhost:5000/" "Mozilla/5.0 (Windows NT 10.0; Win64; x64) AppleWebKit/537.36 (KHTML, like Gecko) Chrome/94.0.4606.81 Safari/537.36"
::1 - - [24/Oct/2021:18:29:41 +0000] "GET /assets/vendor/bootstrap/css/bootstrap.min.css HTTP/1.1" 304 - "http://localhost:5000/" "Mozilla/5.0 (Windows NT 10.0; Win64; x64) AppleWebKit/537.36 (KHTML, like Gecko) Chrome/94.0.4606.81 Safari/537.36"
::1 - - [24/Oct/2021:18:29:41 +0000] "GET /stylesheets/style.css HTTP/1.1" 304 - "http://localhost:5000/" "Mozilla/5.0 (Windows NT 10.0; Win64; x64) AppleWebKit/537.36 (KHTML, like Gecko) Chrome/94.0.4606.81 Safari/537.36"
::1 - - [24/Oct/2021:18:29:41 +0000] "GET /assets/vendor/@popperjs/popper.js HTTP/1.1" 304 - "http://localhost:5000/" "Mozilla/5.0 (Windows NT 10.0; Win64; x64) AppleWebKit/537.36 (KHTML, like Gecko) Chrome/94.0.4606.81 Safari/537.36"
::1 - - [24/Oct/2021:18:29:41 +0000] "GET /assets/vendor/bootstrap/css/bootstrap.min.css HTTP/1.1" 304 - "http://localhost:5000/" "Mozilla/5.0 (Windows NT 10.0; Win64; x64) AppleWebKit/537.36 (KHTML, like Gecko) Chrome/94.0.4606.81 Safari/537.36"
::1 - - [24/Oct/2021:18:29:41 +0000] "GET /assets/vendor/bootstrap/js/bootstrap.min.js HTTP/1.1" 304 - "http://localhost:5000/" "Mozilla/5.0 (Windows NT 10.0; Win64; x64) AppleWebKit/537.36 (KHTML, like Gecko) Chrome/94.0.4606.81 Safari/537.36"
::1 - - [24/Oct/2021:18:29:41 +0000] "GET /assets/vendor/feather-icons/feather.js HTTP/1.1" 304 - "http://localhost:5000/" "Mozilla/5.0 (Windows NT 10.0; Win64; x64) AppleWebKit/537.36 (KHTML, like Gecko) Chrome/94.0.4606.81 Safari/537.36"
::1 - - [24/Oct/2021:18:29:41 +0000] "GET /assets/vendor/jquery/jquery.min.js HTTP/1.1" 304 - "http://localhost:5000/" "Mozilla/5.0 (Windows NT 10.0; Win64; x64) AppleWebKit/537.36 (KHTML, like Gecko) Chrome/94.0.4606.81 Safari/537.36"
::1 - - [24/Oct/2021:18:29:41 +0000] "GET /assets/vendor/@popperjs/popper.js HTTP/1.1" 304 - "http://localhost:5000/" "Mozilla/5.0 (Windows NT 10.0; Win64; x64) AppleWebKit/537.36 (KHTML, like Gecko) Chrome/94.0.4606.81 Safari/537.36"
::1 - - [24/Oct/2021:18:29:41 +0000] "GET /assets/vendor/bootstrap/js/bootstrap.min.js HTTP/1.1" 304 - "http://localhost:5000/" "Mozilla/5.0 (Windows NT 10.0; Win64; x64) AppleWebKit/537.36 (KHTML, like Gecko) Chrome/94.0.4606.81 Safari/537.36"
::1 - - [24/Oct/2021:18:29:41 +0000] "GET /assets/vendor/feather-icons/feather.js HTTP/1.1" 304 - "http://localhost:5000/" "Mozilla/5.0 (Windows NT 10.0; Win64; x64) AppleWebKit/537.36 (KHTML, like Gecko) Chrome/94.0.4606.81 Safari/537.36"
::1 - - [24/Oct/2021:18:29:41 +0000] "GET /assets/vendor/jquery/jquery.min.js HTTP/1.1" 304 - "http://localhost:5000/" "Mozilla/5.0 (Windows NT 10.0; Win64; x64) AppleWebKit/537.36 (KHTML, like Gecko) Chrome/94.0.4606.81 Safari/537.36"
::1 - - [24/Oct/2021:18:29:42 +0000] "GET / HTTP/1.1" 304 - "http://localhost:5000/" "Mozilla/5.0 (Windows NT 10.0; Win64; x64) AppleWebKit/537.36 (KHTML, like Gecko) Chrome/94.0.4606.81 Safari/537.36"
::1 - - [24/Oct/2021:18:29:42 +0000] "GET / HTTP/1.1" 304 - "http://localhost:5000/" "Mozilla/5.0 (Windows NT 10.0; Win64; x64) AppleWebKit/537.36 (KHTML, like Gecko) Chrome/94.0.4606.81 Safari/537.36"
::1 - - [24/Oct/2021:18:29:42 +0000] "GET /stylesheets/style.css HTTP/1.1" 304 - "http://localhost:5000/" "Mozilla/5.0 (Windows NT 10.0; Win64; x64) AppleWebKit/537.36 (KHTML, like Gecko) Chrome/94.0.4606.81 Safari/537.36"
::1 - - [24/Oct/2021:18:29:42 +0000] "GET /assets/vendor/bootstrap/css/bootstrap.min.css HTTP/1.1" 304 - "http://localhost:5000/" "Mozilla/5.0 (Windows NT 10.0; Win64; x64) AppleWebKit/537.36 (KHTML, like Gecko) Chrome/94.0.4606.81 Safari/537.36"
::1 - - [24/Oct/2021:18:29:42 +0000] "GET /stylesheets/style.css HTTP/1.1" 304 - "http://localhost:5000/" "Mozilla/5.0 (Windows NT 10.0; Win64; x64) AppleWebKit/537.36 (KHTML, like Gecko) Chrome/94.0.4606.81 Safari/537.36"
::1 - - [24/Oct/2021:18:29:42 +0000] "GET /assets/vendor/jquery/jquery.min.js HTTP/1.1" 304 - "http://localhost:5000/" "Mozilla/5.0 (Windows NT 10.0; Win64; x64) AppleWebKit/537.36 (KHTML, like Gecko) Chrome/94.0.4606.81 Safari/537.36"
::1 - - [24/Oct/2021:18:29:42 +0000] "GET /assets/vendor/@popperjs/popper.js HTTP/1.1" 304 - "http://localhost:5000/" "Mozilla/5.0 (Windows NT 10.0; Win64; x64) AppleWebKit/537.36 (KHTML, like Gecko) Chrome/94.0.4606.81 Safari/537.36"
::1 - - [24/Oct/2021:18:29:42 +0000] "GET /assets/vendor/bootstrap/js/bootstrap.min.js HTTP/1.1" 304 - "http://localhost:5000/" "Mozilla/5.0 (Windows NT 10.0; Win64; x64) AppleWebKit/537.36 (KHTML, like Gecko) Chrome/94.0.4606.81 Safari/537.36"
::1 - - [24/Oct/2021:18:29:42 +0000] "GET /assets/vendor/feather-icons/feather.js HTTP/1.1" 304 - "http://localhost:5000/" "Mozilla/5.0 (Windows NT 10.0; Win64; x64) AppleWebKit/537.36 (KHTML, like Gecko) Chrome/94.0.4606.81 Safari/537.36"
::1 - - [24/Oct/2021:18:29:42 +0000] "GET /assets/vendor/bootstrap/css/bootstrap.min.css HTTP/1.1" 304 - "http://localhost:5000/" "Mozilla/5.0 (Windows NT 10.0; Win64; x64) AppleWebKit/537.36 (KHTML, like Gecko) Chrome/94.0.4606.81 Safari/537.36"
::1 - - [24/Oct/2021:18:29:42 +0000] "GET /assets/vendor/jquery/jquery.min.js HTTP/1.1" 304 - "http://localhost:5000/" "Mozilla/5.0 (Windows NT 10.0; Win64; x64) AppleWebKit/537.36 (KHTML, like Gecko) Chrome/94.0.4606.81 Safari/537.36"
::1 - - [24/Oct/2021:18:29:42 +0000] "GET /assets/vendor/@popperjs/popper.js HTTP/1.1" 304 - "http://localhost:5000/" "Mozilla/5.0 (Windows NT 10.0; Win64; x64) AppleWebKit/537.36 (KHTML, like Gecko) Chrome/94.0.4606.81 Safari/537.36"
::1 - - [24/Oct/2021:18:29:42 +0000] "GET /assets/vendor/bootstrap/js/bootstrap.min.js HTTP/1.1" 304 - "http://localhost:5000/" "Mozilla/5.0 (Windows NT 10.0; Win64; x64) AppleWebKit/537.36 (KHTML, like Gecko) Chrome/94.0.4606.81 Safari/537.36"
::1 - - [24/Oct/2021:18:29:42 +0000] "GET /assets/vendor/feather-icons/feather.js HTTP/1.1" 304 - "http://localhost:5000/" "Mozilla/5.0 (Windows NT 10.0; Win64; x64) AppleWebKit/537.36 (KHTML, like Gecko) Chrome/94.0.4606.81 Safari/537.36"
::1 - - [24/Oct/2021:18:30:07 +0000] "GET / HTTP/1.1" - - "http://localhost:5000/" "Mozilla/5.0 (Windows NT 10.0; Win64; x64) AppleWebKit/537.36 (KHTML, like Gecko) Chrome/94.0.4606.81 Safari/537.36"
::1 - - [24/Oct/2021:18:30:07 +0000] "GET / HTTP/1.1" 200 2548 "http://localhost:5000/" "Mozilla/5.0 (Windows NT 10.0; Win64; x64) AppleWebKit/537.36 (KHTML, like Gecko) Chrome/94.0.4606.81 Safari/537.36"
::1 - - [24/Oct/2021:18:30:07 +0000] "GET /assets/vendor/bootstrap/css/bootstrap.min.css HTTP/1.1" 304 - "http://localhost:5000/" "Mozilla/5.0 (Windows NT 10.0; Win64; x64) AppleWebKit/537.36 (KHTML, like Gecko) Chrome/94.0.4606.81 Safari/537.36"
::1 - - [24/Oct/2021:18:30:07 +0000] "GET /stylesheets/style.css HTTP/1.1" 304 - "http://localhost:5000/" "Mozilla/5.0 (Windows NT 10.0; Win64; x64) AppleWebKit/537.36 (KHTML, like Gecko) Chrome/94.0.4606.81 Safari/537.36"
::1 - - [24/Oct/2021:18:30:07 +0000] "GET /assets/vendor/jquery/jquery.min.js HTTP/1.1" 304 - "http://localhost:5000/" "Mozilla/5.0 (Windows NT 10.0; Win64; x64) AppleWebKit/537.36 (KHTML, like Gecko) Chrome/94.0.4606.81 Safari/537.36"
::1 - - [24/Oct/2021:18:30:07 +0000] "GET /assets/vendor/@popperjs/popper.js HTTP/1.1" 304 - "http://localhost:5000/" "Mozilla/5.0 (Windows NT 10.0; Win64; x64) AppleWebKit/537.36 (KHTML, like Gecko) Chrome/94.0.4606.81 Safari/537.36"
::1 - - [24/Oct/2021:18:30:07 +0000] "GET /assets/vendor/bootstrap/js/bootstrap.min.js HTTP/1.1" 304 - "http://localhost:5000/" "Mozilla/5.0 (Windows NT 10.0; Win64; x64) AppleWebKit/537.36 (KHTML, like Gecko) Chrome/94.0.4606.81 Safari/537.36"
::1 - - [24/Oct/2021:18:30:07 +0000] "GET /assets/vendor/feather-icons/feather.js HTTP/1.1" 304 - "http://localhost:5000/" "Mozilla/5.0 (Windows NT 10.0; Win64; x64) AppleWebKit/537.36 (KHTML, like Gecko) Chrome/94.0.4606.81 Safari/537.36"
::1 - - [24/Oct/2021:18:30:07 +0000] "GET / HTTP/1.1" 304 - "http://localhost:5000/" "Mozilla/5.0 (Windows NT 10.0; Win64; x64) AppleWebKit/537.36 (KHTML, like Gecko) Chrome/94.0.4606.81 Safari/537.36"
::1 - - [24/Oct/2021:18:30:07 +0000] "GET /stylesheets/style.css HTTP/1.1" 304 - "http://localhost:5000/" "Mozilla/5.0 (Windows NT 10.0; Win64; x64) AppleWebKit/537.36 (KHTML, like Gecko) Chrome/94.0.4606.81 Safari/537.36"
::1 - - [24/Oct/2021:18:30:07 +0000] "GET /assets/vendor/bootstrap/css/bootstrap.min.css HTTP/1.1" 304 - "http://localhost:5000/" "Mozilla/5.0 (Windows NT 10.0; Win64; x64) AppleWebKit/537.36 (KHTML, like Gecko) Chrome/94.0.4606.81 Safari/537.36"
::1 - - [24/Oct/2021:18:30:07 +0000] "GET /assets/vendor/jquery/jquery.min.js HTTP/1.1" 304 - "http://localhost:5000/" "Mozilla/5.0 (Windows NT 10.0; Win64; x64) AppleWebKit/537.36 (KHTML, like Gecko) Chrome/94.0.4606.81 Safari/537.36"
::1 - - [24/Oct/2021:18:30:07 +0000] "GET /assets/vendor/@popperjs/popper.js HTTP/1.1" 304 - "http://localhost:5000/" "Mozilla/5.0 (Windows NT 10.0; Win64; x64) AppleWebKit/537.36 (KHTML, like Gecko) Chrome/94.0.4606.81 Safari/537.36"
::1 - - [24/Oct/2021:18:30:07 +0000] "GET /assets/vendor/bootstrap/js/bootstrap.min.js HTTP/1.1" 304 - "http://localhost:5000/" "Mozilla/5.0 (Windows NT 10.0; Win64; x64) AppleWebKit/537.36 (KHTML, like Gecko) Chrome/94.0.4606.81 Safari/537.36"
::1 - - [24/Oct/2021:18:30:07 +0000] "GET /assets/vendor/feather-icons/feather.js HTTP/1.1" 304 - "http://localhost:5000/" "Mozilla/5.0 (Windows NT 10.0; Win64; x64) AppleWebKit/537.36 (KHTML, like Gecko) Chrome/94.0.4606.81 Safari/537.36"
::1 - - [24/Oct/2021:18:30:09 +0000] "GET / HTTP/1.1" 304 - "http://localhost:5000/" "Mozilla/5.0 (Windows NT 10.0; Win64; x64) AppleWebKit/537.36 (KHTML, like Gecko) Chrome/94.0.4606.81 Safari/537.36"
::1 - - [24/Oct/2021:18:30:09 +0000] "GET /assets/vendor/bootstrap/css/bootstrap.min.css HTTP/1.1" 304 - "http://localhost:5000/" "Mozilla/5.0 (Windows NT 10.0; Win64; x64) AppleWebKit/537.36 (KHTML, like Gecko) Chrome/94.0.4606.81 Safari/537.36"
::1 - - [24/Oct/2021:18:30:09 +0000] "GET /stylesheets/style.css HTTP/1.1" 304 - "http://localhost:5000/" "Mozilla/5.0 (Windows NT 10.0; Win64; x64) AppleWebKit/537.36 (KHTML, like Gecko) Chrome/94.0.4606.81 Safari/537.36"
::1 - - [24/Oct/2021:18:30:09 +0000] "GET /assets/vendor/jquery/jquery.min.js HTTP/1.1" 304 - "http://localhost:5000/" "Mozilla/5.0 (Windows NT 10.0; Win64; x64) AppleWebKit/537.36 (KHTML, like Gecko) Chrome/94.0.4606.81 Safari/537.36"
::1 - - [24/Oct/2021:18:30:09 +0000] "GET /assets/vendor/@popperjs/popper.js HTTP/1.1" 304 - "http://localhost:5000/" "Mozilla/5.0 (Windows NT 10.0; Win64; x64) AppleWebKit/537.36 (KHTML, like Gecko) Chrome/94.0.4606.81 Safari/537.36"
::1 - - [24/Oct/2021:18:30:09 +0000] "GET /assets/vendor/bootstrap/js/bootstrap.min.js HTTP/1.1" 304 - "http://localhost:5000/" "Mozilla/5.0 (Windows NT 10.0; Win64; x64) AppleWebKit/537.36 (KHTML, like Gecko) Chrome/94.0.4606.81 Safari/537.36"
::1 - - [24/Oct/2021:18:30:09 +0000] "GET /assets/vendor/feather-icons/feather.js HTTP/1.1" 304 - "http://localhost:5000/" "Mozilla/5.0 (Windows NT 10.0; Win64; x64) AppleWebKit/537.36 (KHTML, like Gecko) Chrome/94.0.4606.81 Safari/537.36"
::1 - - [24/Oct/2021:18:30:09 +0000] "GET / HTTP/1.1" 304 - "http://localhost:5000/" "Mozilla/5.0 (Windows NT 10.0; Win64; x64) AppleWebKit/537.36 (KHTML, like Gecko) Chrome/94.0.4606.81 Safari/537.36"
::1 - - [24/Oct/2021:18:30:09 +0000] "GET /stylesheets/style.css HTTP/1.1" 304 - "http://localhost:5000/" "Mozilla/5.0 (Windows NT 10.0; Win64; x64) AppleWebKit/537.36 (KHTML, like Gecko) Chrome/94.0.4606.81 Safari/537.36"
::1 - - [24/Oct/2021:18:30:09 +0000] "GET /assets/vendor/bootstrap/css/bootstrap.min.css HTTP/1.1" 304 - "http://localhost:5000/" "Mozilla/5.0 (Windows NT 10.0; Win64; x64) AppleWebKit/537.36 (KHTML, like Gecko) Chrome/94.0.4606.81 Safari/537.36"
::1 - - [24/Oct/2021:18:30:09 +0000] "GET /assets/vendor/jquery/jquery.min.js HTTP/1.1" 304 - "http://localhost:5000/" "Mozilla/5.0 (Windows NT 10.0; Win64; x64) AppleWebKit/537.36 (KHTML, like Gecko) Chrome/94.0.4606.81 Safari/537.36"
::1 - - [24/Oct/2021:18:30:09 +0000] "GET /assets/vendor/@popperjs/popper.js HTTP/1.1" 304 - "http://localhost:5000/" "Mozilla/5.0 (Windows NT 10.0; Win64; x64) AppleWebKit/537.36 (KHTML, like Gecko) Chrome/94.0.4606.81 Safari/537.36"
::1 - - [24/Oct/2021:18:30:09 +0000] "GET /assets/vendor/bootstrap/js/bootstrap.min.js HTTP/1.1" 304 - "http://localhost:5000/" "Mozilla/5.0 (Windows NT 10.0; Win64; x64) AppleWebKit/537.36 (KHTML, like Gecko) Chrome/94.0.4606.81 Safari/537.36"
::1 - - [24/Oct/2021:18:30:09 +0000] "GET /assets/vendor/feather-icons/feather.js HTTP/1.1" 304 - "http://localhost:5000/" "Mozilla/5.0 (Windows NT 10.0; Win64; x64) AppleWebKit/537.36 (KHTML, like Gecko) Chrome/94.0.4606.81 Safari/537.36"
::1 - - [24/Oct/2021:18:31:43 +0000] "GET / HTTP/1.1" 304 - "http://localhost:5000/" "Mozilla/5.0 (Windows NT 10.0; Win64; x64) AppleWebKit/537.36 (KHTML, like Gecko) Chrome/94.0.4606.81 Safari/537.36"
::1 - - [24/Oct/2021:18:31:43 +0000] "GET /assets/vendor/bootstrap/css/bootstrap.min.css HTTP/1.1" 304 - "http://localhost:5000/" "Mozilla/5.0 (Windows NT 10.0; Win64; x64) AppleWebKit/537.36 (KHTML, like Gecko) Chrome/94.0.4606.81 Safari/537.36"
::1 - - [24/Oct/2021:18:31:43 +0000] "GET /stylesheets/style.css HTTP/1.1" 304 - "http://localhost:5000/" "Mozilla/5.0 (Windows NT 10.0; Win64; x64) AppleWebKit/537.36 (KHTML, like Gecko) Chrome/94.0.4606.81 Safari/537.36"
::1 - - [24/Oct/2021:18:31:43 +0000] "GET /assets/vendor/jquery/jquery.min.js HTTP/1.1" 304 - "http://localhost:5000/" "Mozilla/5.0 (Windows NT 10.0; Win64; x64) AppleWebKit/537.36 (KHTML, like Gecko) Chrome/94.0.4606.81 Safari/537.36"
::1 - - [24/Oct/2021:18:31:43 +0000] "GET /assets/vendor/@popperjs/popper.js HTTP/1.1" 304 - "http://localhost:5000/" "Mozilla/5.0 (Windows NT 10.0; Win64; x64) AppleWebKit/537.36 (KHTML, like Gecko) Chrome/94.0.4606.81 Safari/537.36"
::1 - - [24/Oct/2021:18:31:43 +0000] "GET /assets/vendor/bootstrap/js/bootstrap.min.js HTTP/1.1" 304 - "http://localhost:5000/" "Mozilla/5.0 (Windows NT 10.0; Win64; x64) AppleWebKit/537.36 (KHTML, like Gecko) Chrome/94.0.4606.81 Safari/537.36"
::1 - - [24/Oct/2021:18:31:43 +0000] "GET /assets/vendor/feather-icons/feather.js HTTP/1.1" 304 - "http://localhost:5000/" "Mozilla/5.0 (Windows NT 10.0; Win64; x64) AppleWebKit/537.36 (KHTML, like Gecko) Chrome/94.0.4606.81 Safari/537.36"
::ffff:127.0.0.1 - - [24/Oct/2021:18:32:02 +0000] "GET / HTTP/1.1" - - "http://localhost:5000/" "Mozilla/5.0 (Windows NT 10.0; Win64; x64) AppleWebKit/537.36 (KHTML, like Gecko) Chrome/94.0.4606.81 Safari/537.36"
::1 - - [24/Oct/2021:18:32:02 +0000] "GET / HTTP/1.1" 200 2070 "-" "Mozilla/5.0 (Windows NT 10.0; Win64; x64) AppleWebKit/537.36 (KHTML, like Gecko) Chrome/94.0.4606.81 Safari/537.36"
::1 - - [24/Oct/2021:18:32:02 +0000] "GET /stylesheets/style.css HTTP/1.1" 304 - "http://localhost:5000/" "Mozilla/5.0 (Windows NT 10.0; Win64; x64) AppleWebKit/537.36 (KHTML, like Gecko) Chrome/94.0.4606.81 Safari/537.36"
::1 - - [24/Oct/2021:18:32:02 +0000] "GET /assets/vendor/bootstrap/css/bootstrap.min.css HTTP/1.1" 304 - "http://localhost:5000/" "Mozilla/5.0 (Windows NT 10.0; Win64; x64) AppleWebKit/537.36 (KHTML, like Gecko) Chrome/94.0.4606.81 Safari/537.36"
::1 - - [24/Oct/2021:18:32:02 +0000] "GET /assets/vendor/jquery/jquery.min.js HTTP/1.1" 304 - "http://localhost:5000/" "Mozilla/5.0 (Windows NT 10.0; Win64; x64) AppleWebKit/537.36 (KHTML, like Gecko) Chrome/94.0.4606.81 Safari/537.36"
::1 - - [24/Oct/2021:18:32:02 +0000] "GET /assets/vendor/@popperjs/popper.js HTTP/1.1" 304 - "http://localhost:5000/" "Mozilla/5.0 (Windows NT 10.0; Win64; x64) AppleWebKit/537.36 (KHTML, like Gecko) Chrome/94.0.4606.81 Safari/537.36"
::1 - - [24/Oct/2021:18:32:02 +0000] "GET /assets/vendor/bootstrap/js/bootstrap.min.js HTTP/1.1" 304 - "http://localhost:5000/" "Mozilla/5.0 (Windows NT 10.0; Win64; x64) AppleWebKit/537.36 (KHTML, like Gecko) Chrome/94.0.4606.81 Safari/537.36"
::1 - - [24/Oct/2021:18:32:02 +0000] "GET /assets/vendor/feather-icons/feather.js HTTP/1.1" 304 - "http://localhost:5000/" "Mozilla/5.0 (Windows NT 10.0; Win64; x64) AppleWebKit/537.36 (KHTML, like Gecko) Chrome/94.0.4606.81 Safari/537.36"
::1 - - [24/Oct/2021:18:32:55 +0000] "GET /notes/add HTTP/1.1" 304 - "http://localhost:5000/" "Mozilla/5.0 (Windows NT 10.0; Win64; x64) AppleWebKit/537.36 (KHTML, like Gecko) Chrome/94.0.4606.81 Safari/537.36"
::1 - - [24/Oct/2021:18:32:55 +0000] "GET /assets/vendor/bootstrap/css/bootstrap.min.css HTTP/1.1" 304 - "http://localhost:5000/notes/add" "Mozilla/5.0 (Windows NT 10.0; Win64; x64) AppleWebKit/537.36 (KHTML, like Gecko) Chrome/94.0.4606.81 Safari/537.36"
::1 - - [24/Oct/2021:18:32:55 +0000] "GET /stylesheets/style.css HTTP/1.1" 304 - "http://localhost:5000/notes/add" "Mozilla/5.0 (Windows NT 10.0; Win64; x64) AppleWebKit/537.36 (KHTML, like Gecko) Chrome/94.0.4606.81 Safari/537.36"
::1 - - [24/Oct/2021:18:32:55 +0000] "GET /assets/vendor/jquery/jquery.min.js HTTP/1.1" 304 - "http://localhost:5000/notes/add" "Mozilla/5.0 (Windows NT 10.0; Win64; x64) AppleWebKit/537.36 (KHTML, like Gecko) Chrome/94.0.4606.81 Safari/537.36"
::1 - - [24/Oct/2021:18:32:55 +0000] "GET /assets/vendor/@popperjs/popper.js HTTP/1.1" 304 - "http://localhost:5000/notes/add" "Mozilla/5.0 (Windows NT 10.0; Win64; x64) AppleWebKit/537.36 (KHTML, like Gecko) Chrome/94.0.4606.81 Safari/537.36"
::1 - - [24/Oct/2021:18:32:55 +0000] "GET /assets/vendor/bootstrap/js/bootstrap.min.js HTTP/1.1" 304 - "http://localhost:5000/notes/add" "Mozilla/5.0 (Windows NT 10.0; Win64; x64) AppleWebKit/537.36 (KHTML, like Gecko) Chrome/94.0.4606.81 Safari/537.36"
::1 - - [24/Oct/2021:18:32:55 +0000] "GET /assets/vendor/feather-icons/feather.js HTTP/1.1" 304 - "http://localhost:5000/notes/add" "Mozilla/5.0 (Windows NT 10.0; Win64; x64) AppleWebKit/537.36 (KHTML, like Gecko) Chrome/94.0.4606.81 Safari/537.36"
::1 - - [24/Oct/2021:18:32:57 +0000] "POST /notes/save HTTP/1.1" 302 82 "http://localhost:5000/notes/add" "Mozilla/5.0 (Windows NT 10.0; Win64; x64) AppleWebKit/537.36 (KHTML, like Gecko) Chrome/94.0.4606.81 Safari/537.36"
::1 - - [24/Oct/2021:18:32:57 +0000] "GET /notes/view?key=ded HTTP/1.1" 200 3731 "http://localhost:5000/notes/add" "Mozilla/5.0 (Windows NT 10.0; Win64; x64) AppleWebKit/537.36 (KHTML, like Gecko) Chrome/94.0.4606.81 Safari/537.36"
::1 - - [24/Oct/2021:18:32:57 +0000] "GET /stylesheets/style.css HTTP/1.1" 304 - "http://localhost:5000/notes/view?key=ded" "Mozilla/5.0 (Windows NT 10.0; Win64; x64) AppleWebKit/537.36 (KHTML, like Gecko) Chrome/94.0.4606.81 Safari/537.36"
::1 - - [24/Oct/2021:18:32:57 +0000] "GET /assets/vendor/bootstrap/css/bootstrap.min.css HTTP/1.1" 304 - "http://localhost:5000/notes/view?key=ded" "Mozilla/5.0 (Windows NT 10.0; Win64; x64) AppleWebKit/537.36 (KHTML, like Gecko) Chrome/94.0.4606.81 Safari/537.36"
::1 - - [24/Oct/2021:18:32:57 +0000] "GET /assets/vendor/jquery/jquery.min.js HTTP/1.1" 304 - "http://localhost:5000/notes/view?key=ded" "Mozilla/5.0 (Windows NT 10.0; Win64; x64) AppleWebKit/537.36 (KHTML, like Gecko) Chrome/94.0.4606.81 Safari/537.36"
::1 - - [24/Oct/2021:18:32:57 +0000] "GET /assets/vendor/@popperjs/popper.js HTTP/1.1" 304 - "http://localhost:5000/notes/view?key=ded" "Mozilla/5.0 (Windows NT 10.0; Win64; x64) AppleWebKit/537.36 (KHTML, like Gecko) Chrome/94.0.4606.81 Safari/537.36"
::1 - - [24/Oct/2021:18:32:57 +0000] "GET /assets/vendor/bootstrap/js/bootstrap.min.js HTTP/1.1" 304 - "http://localhost:5000/notes/view?key=ded" "Mozilla/5.0 (Windows NT 10.0; Win64; x64) AppleWebKit/537.36 (KHTML, like Gecko) Chrome/94.0.4606.81 Safari/537.36"
::1 - - [24/Oct/2021:18:32:57 +0000] "GET /assets/vendor/feather-icons/feather.js HTTP/1.1" 304 - "http://localhost:5000/notes/view?key=ded" "Mozilla/5.0 (Windows NT 10.0; Win64; x64) AppleWebKit/537.36 (KHTML, like Gecko) Chrome/94.0.4606.81 Safari/537.36"
::1 - - [24/Oct/2021:18:32:58 +0000] "GET / HTTP/1.1" 200 2545 "http://localhost:5000/notes/view?key=ded" "Mozilla/5.0 (Windows NT 10.0; Win64; x64) AppleWebKit/537.36 (KHTML, like Gecko) Chrome/94.0.4606.81 Safari/537.36"
::1 - - [24/Oct/2021:18:32:58 +0000] "GET /stylesheets/style.css HTTP/1.1" 304 - "http://localhost:5000/" "Mozilla/5.0 (Windows NT 10.0; Win64; x64) AppleWebKit/537.36 (KHTML, like Gecko) Chrome/94.0.4606.81 Safari/537.36"
::1 - - [24/Oct/2021:18:32:58 +0000] "GET /assets/vendor/bootstrap/css/bootstrap.min.css HTTP/1.1" 304 - "http://localhost:5000/" "Mozilla/5.0 (Windows NT 10.0; Win64; x64) AppleWebKit/537.36 (KHTML, like Gecko) Chrome/94.0.4606.81 Safari/537.36"
::1 - - [24/Oct/2021:18:32:58 +0000] "GET /assets/vendor/jquery/jquery.min.js HTTP/1.1" 304 - "http://localhost:5000/" "Mozilla/5.0 (Windows NT 10.0; Win64; x64) AppleWebKit/537.36 (KHTML, like Gecko) Chrome/94.0.4606.81 Safari/537.36"
::1 - - [24/Oct/2021:18:32:58 +0000] "GET /assets/vendor/@popperjs/popper.js HTTP/1.1" 304 - "http://localhost:5000/" "Mozilla/5.0 (Windows NT 10.0; Win64; x64) AppleWebKit/537.36 (KHTML, like Gecko) Chrome/94.0.4606.81 Safari/537.36"
::1 - - [24/Oct/2021:18:32:58 +0000] "GET /assets/vendor/bootstrap/js/bootstrap.min.js HTTP/1.1" 304 - "http://localhost:5000/" "Mozilla/5.0 (Windows NT 10.0; Win64; x64) AppleWebKit/537.36 (KHTML, like Gecko) Chrome/94.0.4606.81 Safari/537.36"
::1 - - [24/Oct/2021:18:32:58 +0000] "GET /assets/vendor/feather-icons/feather.js HTTP/1.1" 304 - "http://localhost:5000/" "Mozilla/5.0 (Windows NT 10.0; Win64; x64) AppleWebKit/537.36 (KHTML, like Gecko) Chrome/94.0.4606.81 Safari/537.36"
